\BOOKMARK [0][-]{section*.2}{\376\377\000A\000b\000s\000t\000r\000a\000c\000t}{}% 1
\BOOKMARK [0][-]{section*.4}{\376\377\000A\000c\000k\000n\000o\000w\000l\000e\000d\000g\000e\000m\000e\000n\000t\000s}{}% 2
\BOOKMARK [0][-]{toc.0}{\376\377\000C\000o\000n\000t\000e\000n\000t\000s}{}% 3
\BOOKMARK [0][-]{section*.7}{\376\377\000L\000i\000s\000t\000\040\000o\000f\000\040\000F\000i\000g\000u\000r\000e\000s}{}% 4
\BOOKMARK [0][-]{section*.9}{\376\377\000L\000i\000s\000t\000\040\000o\000f\000\040\000T\000a\000b\000l\000e\000s}{}% 5
\BOOKMARK [0][-]{chapter.1}{\376\377\000I\000n\000t\000r\000o\000d\000u\000c\000t\000i\000o\000n}{}% 6
\BOOKMARK [1][-]{section.1.1}{\376\377\000R\000e\000s\000e\000a\000r\000c\000h\000\040\000o\000b\000j\000e\000c\000t\000i\000v\000e\000s}{chapter.1}% 7
\BOOKMARK [1][-]{section.1.2}{\376\377\000T\000h\000e\000s\000i\000s\000\040\000o\000u\000t\000l\000i\000n\000e}{chapter.1}% 8
\BOOKMARK [-1][-]{part.1}{\376\377\000I\000\040\000F\000i\000r\000s\000t\000\040\000p\000a\000r\000t}{}% 9
\BOOKMARK [0][-]{chapter.2}{\376\377\000H\000e\000a\000d\000i\000n\000g\000\040\000o\000n\000\040\000L\000e\000v\000e\000l\000\040\0000\000\040\000\050\000c\000h\000a\000p\000t\000e\000r\000\051}{part.1}% 10
\BOOKMARK [1][-]{section.2.1}{\376\377\000H\000e\000a\000d\000i\000n\000g\000\040\000o\000n\000\040\000L\000e\000v\000e\000l\000\040\0001\000\040\000\050\000s\000e\000c\000t\000i\000o\000n\000\051}{chapter.2}% 11
\BOOKMARK [2][-]{subsection.2.1.1}{\376\377\000H\000e\000a\000d\000i\000n\000g\000\040\000o\000n\000\040\000L\000e\000v\000e\000l\000\040\0002\000\040\000\050\000s\000u\000b\000s\000e\000c\000t\000i\000o\000n\000\051}{section.2.1}% 12
\BOOKMARK [1][-]{section.2.2}{\376\377\000L\000i\000s\000t\000s}{chapter.2}% 13
\BOOKMARK [2][-]{subsection.2.2.1}{\376\377\000E\000x\000a\000m\000p\000l\000e\000\040\000f\000o\000r\000\040\000l\000i\000s\000t\000\040\000\050\000i\000t\000e\000m\000i\000z\000e\000\051}{section.2.2}% 14
\BOOKMARK [2][-]{subsection.2.2.2}{\376\377\000E\000x\000a\000m\000p\000l\000e\000\040\000f\000o\000r\000\040\000l\000i\000s\000t\000\040\000\050\000e\000n\000u\000m\000e\000r\000a\000t\000e\000\051}{section.2.2}% 15
\BOOKMARK [2][-]{subsection.2.2.3}{\376\377\000E\000x\000a\000m\000p\000l\000e\000\040\000f\000o\000r\000\040\000l\000i\000s\000t\000\040\000\050\000d\000e\000s\000c\000r\000i\000p\000t\000i\000o\000n\000\051}{section.2.2}% 16
\BOOKMARK [1][-]{section.2.3}{\376\377\000S\000o\000m\000e\000\040\000b\000l\000i\000n\000d\000\040\000t\000e\000x\000t\000\040\000w\000i\000t\000h\000\040\000m\000a\000t\000h\000\040\000f\000o\000r\000m\000u\000l\000a\000s}{chapter.2}% 17
\BOOKMARK [1][-]{section.2.4}{\376\377\000T\000a\000b\000l\000e\000s\000\040\000a\000n\000d\000\040\000f\000i\000g\000u\000r\000e\000s}{chapter.2}% 18
\BOOKMARK [1][-]{section.2.5}{\376\377\000C\000i\000t\000a\000t\000i\000o\000n}{chapter.2}% 19
\BOOKMARK [0][-]{chapter.3}{\376\377\000H\000e\000a\000d\000i\000n\000g\000\040\000o\000n\000\040\000L\000e\000v\000e\000l\000\040\0000\000\040\000\050\000c\000h\000a\000p\000t\000e\000r\000\051}{part.1}% 20
\BOOKMARK [1][-]{section.3.1}{\376\377\000H\000e\000a\000d\000i\000n\000g\000\040\000o\000n\000\040\000L\000e\000v\000e\000l\000\040\0001\000\040\000\050\000s\000e\000c\000t\000i\000o\000n\000\051}{chapter.3}% 21
\BOOKMARK [2][-]{subsection.3.1.1}{\376\377\000H\000e\000a\000d\000i\000n\000g\000\040\000o\000n\000\040\000L\000e\000v\000e\000l\000\040\0002\000\040\000\050\000s\000u\000b\000s\000e\000c\000t\000i\000o\000n\000\051}{section.3.1}% 22
\BOOKMARK [1][-]{section.3.2}{\376\377\000L\000i\000s\000t\000s}{chapter.3}% 23
\BOOKMARK [2][-]{subsection.3.2.1}{\376\377\000E\000x\000a\000m\000p\000l\000e\000\040\000f\000o\000r\000\040\000l\000i\000s\000t\000\040\000\050\000i\000t\000e\000m\000i\000z\000e\000\051}{section.3.2}% 24
\BOOKMARK [2][-]{subsection.3.2.2}{\376\377\000E\000x\000a\000m\000p\000l\000e\000\040\000f\000o\000r\000\040\000l\000i\000s\000t\000\040\000\050\000e\000n\000u\000m\000e\000r\000a\000t\000e\000\051}{section.3.2}% 25
\BOOKMARK [2][-]{subsection.3.2.3}{\376\377\000E\000x\000a\000m\000p\000l\000e\000\040\000f\000o\000r\000\040\000l\000i\000s\000t\000\040\000\050\000d\000e\000s\000c\000r\000i\000p\000t\000i\000o\000n\000\051}{section.3.2}% 26
\BOOKMARK [1][-]{section.3.3}{\376\377\000S\000o\000m\000e\000\040\000b\000l\000i\000n\000d\000\040\000t\000e\000x\000t\000\040\000w\000i\000t\000h\000\040\000m\000a\000t\000h\000\040\000f\000o\000r\000m\000u\000l\000a\000s}{chapter.3}% 27
\BOOKMARK [-1][-]{part.2}{\376\377\000I\000I\000\040\000S\000e\000c\000o\000n\000d\000\040\000p\000a\000r\000t}{}% 28
\BOOKMARK [0][-]{chapter.4}{\376\377\000H\000e\000a\000d\000i\000n\000g\000\040\000o\000n\000\040\000L\000e\000v\000e\000l\000\040\0000\000\040\000\050\000c\000h\000a\000p\000t\000e\000r\000\051}{part.2}% 29
\BOOKMARK [1][-]{section.4.1}{\376\377\000H\000e\000a\000d\000i\000n\000g\000\040\000o\000n\000\040\000L\000e\000v\000e\000l\000\040\0001\000\040\000\050\000s\000e\000c\000t\000i\000o\000n\000\051}{chapter.4}% 30
\BOOKMARK [2][-]{subsection.4.1.1}{\376\377\000H\000e\000a\000d\000i\000n\000g\000\040\000o\000n\000\040\000L\000e\000v\000e\000l\000\040\0002\000\040\000\050\000s\000u\000b\000s\000e\000c\000t\000i\000o\000n\000\051}{section.4.1}% 31
\BOOKMARK [1][-]{section.4.2}{\376\377\000L\000i\000s\000t\000s}{chapter.4}% 32
\BOOKMARK [2][-]{subsection.4.2.1}{\376\377\000E\000x\000a\000m\000p\000l\000e\000\040\000f\000o\000r\000\040\000l\000i\000s\000t\000\040\000\050\000i\000t\000e\000m\000i\000z\000e\000\051}{section.4.2}% 33
\BOOKMARK [2][-]{subsection.4.2.2}{\376\377\000E\000x\000a\000m\000p\000l\000e\000\040\000f\000o\000r\000\040\000l\000i\000s\000t\000\040\000\050\000e\000n\000u\000m\000e\000r\000a\000t\000e\000\051}{section.4.2}% 34
\BOOKMARK [2][-]{subsection.4.2.3}{\376\377\000E\000x\000a\000m\000p\000l\000e\000\040\000f\000o\000r\000\040\000l\000i\000s\000t\000\040\000\050\000d\000e\000s\000c\000r\000i\000p\000t\000i\000o\000n\000\051}{section.4.2}% 35
\BOOKMARK [1][-]{section.4.3}{\376\377\000S\000o\000m\000e\000\040\000b\000l\000i\000n\000d\000\040\000t\000e\000x\000t\000\040\000w\000i\000t\000h\000\040\000m\000a\000t\000h\000\040\000f\000o\000r\000m\000u\000l\000a\000s}{chapter.4}% 36
\BOOKMARK [-1][-]{part.3}{\376\377\000I\000I\000I\000\040\000T\000h\000i\000r\000d\000\040\000p\000a\000r\000t}{}% 37
\BOOKMARK [0][-]{chapter.5}{\376\377\000H\000e\000a\000d\000i\000n\000g\000\040\000o\000n\000\040\000L\000e\000v\000e\000l\000\040\0000\000\040\000\050\000c\000h\000a\000p\000t\000e\000r\000\051}{part.3}% 38
\BOOKMARK [1][-]{section.5.1}{\376\377\000H\000e\000a\000d\000i\000n\000g\000\040\000o\000n\000\040\000L\000e\000v\000e\000l\000\040\0001\000\040\000\050\000s\000e\000c\000t\000i\000o\000n\000\051}{chapter.5}% 39
\BOOKMARK [2][-]{subsection.5.1.1}{\376\377\000H\000e\000a\000d\000i\000n\000g\000\040\000o\000n\000\040\000L\000e\000v\000e\000l\000\040\0002\000\040\000\050\000s\000u\000b\000s\000e\000c\000t\000i\000o\000n\000\051}{section.5.1}% 40
\BOOKMARK [1][-]{section.5.2}{\376\377\000L\000i\000s\000t\000s}{chapter.5}% 41
\BOOKMARK [2][-]{subsection.5.2.1}{\376\377\000E\000x\000a\000m\000p\000l\000e\000\040\000f\000o\000r\000\040\000l\000i\000s\000t\000\040\000\050\000i\000t\000e\000m\000i\000z\000e\000\051}{section.5.2}% 42
\BOOKMARK [2][-]{subsection.5.2.2}{\376\377\000E\000x\000a\000m\000p\000l\000e\000\040\000f\000o\000r\000\040\000l\000i\000s\000t\000\040\000\050\000e\000n\000u\000m\000e\000r\000a\000t\000e\000\051}{section.5.2}% 43
\BOOKMARK [2][-]{subsection.5.2.3}{\376\377\000E\000x\000a\000m\000p\000l\000e\000\040\000f\000o\000r\000\040\000l\000i\000s\000t\000\040\000\050\000d\000e\000s\000c\000r\000i\000p\000t\000i\000o\000n\000\051}{section.5.2}% 44
\BOOKMARK [1][-]{section.5.3}{\376\377\000S\000o\000m\000e\000\040\000b\000l\000i\000n\000d\000\040\000t\000e\000x\000t\000\040\000w\000i\000t\000h\000\040\000m\000a\000t\000h\000\040\000f\000o\000r\000m\000u\000l\000a\000s}{chapter.5}% 45
\BOOKMARK [0][-]{chapter.6}{\376\377\000H\000e\000a\000d\000i\000n\000g\000\040\000o\000n\000\040\000L\000e\000v\000e\000l\000\040\0000\000\040\000\050\000c\000h\000a\000p\000t\000e\000r\000\051}{part.3}% 46
\BOOKMARK [1][-]{section.6.1}{\376\377\000H\000e\000a\000d\000i\000n\000g\000\040\000o\000n\000\040\000L\000e\000v\000e\000l\000\040\0001\000\040\000\050\000s\000e\000c\000t\000i\000o\000n\000\051}{chapter.6}% 47
\BOOKMARK [2][-]{subsection.6.1.1}{\376\377\000H\000e\000a\000d\000i\000n\000g\000\040\000o\000n\000\040\000L\000e\000v\000e\000l\000\040\0002\000\040\000\050\000s\000u\000b\000s\000e\000c\000t\000i\000o\000n\000\051}{section.6.1}% 48
\BOOKMARK [1][-]{section.6.2}{\376\377\000L\000i\000s\000t\000s}{chapter.6}% 49
\BOOKMARK [2][-]{subsection.6.2.1}{\376\377\000E\000x\000a\000m\000p\000l\000e\000\040\000f\000o\000r\000\040\000l\000i\000s\000t\000\040\000\050\000i\000t\000e\000m\000i\000z\000e\000\051}{section.6.2}% 50
\BOOKMARK [2][-]{subsection.6.2.2}{\376\377\000E\000x\000a\000m\000p\000l\000e\000\040\000f\000o\000r\000\040\000l\000i\000s\000t\000\040\000\050\000e\000n\000u\000m\000e\000r\000a\000t\000e\000\051}{section.6.2}% 51
\BOOKMARK [2][-]{subsection.6.2.3}{\376\377\000E\000x\000a\000m\000p\000l\000e\000\040\000f\000o\000r\000\040\000l\000i\000s\000t\000\040\000\050\000d\000e\000s\000c\000r\000i\000p\000t\000i\000o\000n\000\051}{section.6.2}% 52
\BOOKMARK [1][-]{section.6.3}{\376\377\000S\000o\000m\000e\000\040\000b\000l\000i\000n\000d\000\040\000t\000e\000x\000t\000\040\000w\000i\000t\000h\000\040\000m\000a\000t\000h\000\040\000f\000o\000r\000m\000u\000l\000a\000s}{chapter.6}% 53
\BOOKMARK [-1][-]{part.4}{\376\377\000I\000V\000\040\000C\000o\000n\000c\000l\000u\000s\000i\000o\000n\000s}{}% 54
\BOOKMARK [0][-]{chapter.7}{\376\377\000C\000o\000n\000c\000l\000u\000s\000i\000o\000n\000s}{part.4}% 55
\BOOKMARK [0][-]{section*.20}{\376\377\000R\000e\000f\000e\000r\000e\000n\000c\000e\000s}{part.4}% 56
\BOOKMARK [-1][-]{part.5}{\376\377\000V\000\040\000A\000p\000p\000e\000n\000d\000i\000c\000e\000s}{}% 57
\BOOKMARK [0][-]{appendix.A}{\376\377\000H\000e\000a\000d\000i\000n\000g\000\040\000o\000n\000\040\000L\000e\000v\000e\000l\000\040\0000\000\040\000\050\000c\000h\000a\000p\000t\000e\000r\000\051}{part.5}% 58
\BOOKMARK [1][-]{section.A.1}{\376\377\000H\000e\000a\000d\000i\000n\000g\000\040\000o\000n\000\040\000L\000e\000v\000e\000l\000\040\0001\000\040\000\050\000s\000e\000c\000t\000i\000o\000n\000\051}{appendix.A}% 59
\BOOKMARK [2][-]{subsection.A.1.1}{\376\377\000H\000e\000a\000d\000i\000n\000g\000\040\000o\000n\000\040\000L\000e\000v\000e\000l\000\040\0002\000\040\000\050\000s\000u\000b\000s\000e\000c\000t\000i\000o\000n\000\051}{section.A.1}% 60
\BOOKMARK [1][-]{section.A.2}{\376\377\000L\000i\000s\000t\000s}{appendix.A}% 61
\BOOKMARK [2][-]{subsection.A.2.1}{\376\377\000E\000x\000a\000m\000p\000l\000e\000\040\000f\000o\000r\000\040\000l\000i\000s\000t\000\040\000\050\000i\000t\000e\000m\000i\000z\000e\000\051}{section.A.2}% 62
\BOOKMARK [2][-]{subsection.A.2.2}{\376\377\000E\000x\000a\000m\000p\000l\000e\000\040\000f\000o\000r\000\040\000l\000i\000s\000t\000\040\000\050\000e\000n\000u\000m\000e\000r\000a\000t\000e\000\051}{section.A.2}% 63
\BOOKMARK [2][-]{subsection.A.2.3}{\376\377\000E\000x\000a\000m\000p\000l\000e\000\040\000f\000o\000r\000\040\000l\000i\000s\000t\000\040\000\050\000d\000e\000s\000c\000r\000i\000p\000t\000i\000o\000n\000\051}{section.A.2}% 64
\BOOKMARK [1][-]{section.A.3}{\376\377\000S\000o\000m\000e\000\040\000b\000l\000i\000n\000d\000\040\000t\000e\000x\000t\000\040\000w\000i\000t\000h\000\040\000m\000a\000t\000h\000\040\000f\000o\000r\000m\000u\000l\000a\000s}{appendix.A}% 65
\BOOKMARK [0][-]{appendix.B}{\376\377\000P\000u\000b\000l\000i\000c\000a\000t\000i\000o\000n\000s\000\040\000o\000f\000\040\000t\000h\000e\000\040\000a\000u\000t\000h\000o\000r}{part.5}% 66
