This is pdfTeX, Version 3.14159265-2.6-1.40.20 (MiKTeX 2.9.7140 64-bit) (preloaded format=pdflatex 2019.9.17)  8 FEB 2020 11:32
entering extended mode
**./ctuman.tex
(ctuman.tex
LaTeX2e <2018-12-01>
(ctuthesis.cls
("C:\Users\juanr\AppData\Local\Programs\MiKTeX 2.9\tex/latex/l3kernel\expl3.sty
"
Package: expl3 2019-10-24 L3 programming layer (loader) 

("C:\Users\juanr\AppData\Local\Programs\MiKTeX 2.9\tex/latex/l3kernel\expl3-cod
e.tex"
Package: expl3 2019-10-24 L3 programming layer (code)
\c_max_int=\count80
\l_tmpa_int=\count81
\l_tmpb_int=\count82
\g_tmpa_int=\count83
\g_tmpb_int=\count84
\l__seq_internal_a_int=\count85
\l__seq_internal_b_int=\count86
\g__kernel_prg_map_int=\count87
\c__ior_term_noprompt_ior=\count88
\c_log_iow=\count89
\l_iow_line_count_int=\count90
\l__iow_line_target_int=\count91
\l__iow_one_indent_int=\count92
\l__iow_indent_int=\count93
\c_zero_dim=\dimen102
\c_max_dim=\dimen103
\l_tmpa_dim=\dimen104
\l_tmpb_dim=\dimen105
\g_tmpa_dim=\dimen106
\g_tmpb_dim=\dimen107
\c_zero_skip=\skip41
\c_max_skip=\skip42
\l_tmpa_skip=\skip43
\l_tmpb_skip=\skip44
\g_tmpa_skip=\skip45
\g_tmpb_skip=\skip46
\c_zero_muskip=\muskip10
\c_max_muskip=\muskip11
\l_tmpa_muskip=\muskip12
\l_tmpb_muskip=\muskip13
\g_tmpa_muskip=\muskip14
\g_tmpb_muskip=\muskip15
\l_keys_choice_int=\count94
\l__intarray_loop_int=\count95
\c__intarray_sp_dim=\dimen108
\g__intarray_font_int=\count96
\c__fp_leading_shift_int=\count97
\c__fp_middle_shift_int=\count98
\c__fp_trailing_shift_int=\count99
\c__fp_big_leading_shift_int=\count100
\c__fp_big_middle_shift_int=\count101
\c__fp_big_trailing_shift_int=\count102
\c__fp_Bigg_leading_shift_int=\count103
\c__fp_Bigg_middle_shift_int=\count104
\c__fp_Bigg_trailing_shift_int=\count105
\c__kernel_randint_max_int=\count106
\g__fp_array_int=\count107
\l__fp_array_loop_int=\count108
\l__sort_length_int=\count109
\l__sort_min_int=\count110
\l__sort_top_int=\count111
\l__sort_max_int=\count112
\l__sort_true_max_int=\count113
\l__sort_block_int=\count114
\l__sort_begin_int=\count115
\l__sort_end_int=\count116
\l__sort_A_int=\count117
\l__sort_B_int=\count118
\l__sort_C_int=\count119
\l__str_internal_int=\count120
\c__str_replacement_char_int=\count121
\l__tl_analysis_normal_int=\count122
\l__tl_analysis_index_int=\count123
\l__tl_analysis_nesting_int=\count124
\l__tl_analysis_type_int=\count125
\l__regex_internal_a_int=\count126
\l__regex_internal_b_int=\count127
\l__regex_internal_c_int=\count128
\l__regex_balance_int=\count129
\l__regex_group_level_int=\count130
\l__regex_mode_int=\count131
\c__regex_cs_in_class_mode_int=\count132
\c__regex_cs_mode_int=\count133
\l__regex_catcodes_int=\count134
\l__regex_default_catcodes_int=\count135
\c__regex_catcode_D_int=\count136
\c__regex_catcode_S_int=\count137
\c__regex_catcode_L_int=\count138
\c__regex_catcode_O_int=\count139
\c__regex_catcode_A_int=\count140
\c__regex_all_catcodes_int=\count141
\l__regex_show_lines_int=\count142
\l__regex_min_state_int=\count143
\l__regex_max_state_int=\count144
\l__regex_left_state_int=\count145
\l__regex_right_state_int=\count146
\l__regex_capturing_group_int=\count147
\l__regex_min_pos_int=\count148
\l__regex_max_pos_int=\count149
\l__regex_curr_pos_int=\count150
\l__regex_start_pos_int=\count151
\l__regex_success_pos_int=\count152
\l__regex_curr_char_int=\count153
\l__regex_curr_catcode_int=\count154
\l__regex_last_char_int=\count155
\l__regex_case_changed_char_int=\count156
\l__regex_curr_state_int=\count157
\l__regex_step_int=\count158
\l__regex_min_active_int=\count159
\l__regex_max_active_int=\count160
\l__regex_replacement_csnames_int=\count161
\l__regex_match_count_int=\count162
\l__regex_min_submatch_int=\count163
\l__regex_submatch_int=\count164
\l__regex_zeroth_submatch_int=\count165
\g__regex_trace_regex_int=\count166
\c_empty_box=\box27
\l_tmpa_box=\box28
\l_tmpb_box=\box29
\g_tmpa_box=\box30
\g_tmpb_box=\box31
\l__box_top_dim=\dimen109
\l__box_bottom_dim=\dimen110
\l__box_left_dim=\dimen111
\l__box_right_dim=\dimen112
\l__box_top_new_dim=\dimen113
\l__box_bottom_new_dim=\dimen114
\l__box_left_new_dim=\dimen115
\l__box_right_new_dim=\dimen116
\l__box_internal_box=\box32
\l__coffin_internal_box=\box33
\l__coffin_internal_dim=\dimen117
\l__coffin_offset_x_dim=\dimen118
\l__coffin_offset_y_dim=\dimen119
\l__coffin_x_dim=\dimen120
\l__coffin_y_dim=\dimen121
\l__coffin_x_prime_dim=\dimen122
\l__coffin_y_prime_dim=\dimen123
\c_empty_coffin=\box34
\l__coffin_aligned_coffin=\box35
\l__coffin_aligned_internal_coffin=\box36
\l_tmpa_coffin=\box37
\l_tmpb_coffin=\box38
\g_tmpa_coffin=\box39
\g_tmpb_coffin=\box40
\l__coffin_bounding_shift_dim=\dimen124
\l__coffin_left_corner_dim=\dimen125
\l__coffin_right_corner_dim=\dimen126
\l__coffin_bottom_corner_dim=\dimen127
\l__coffin_top_corner_dim=\dimen128
\l__coffin_scaled_total_height_dim=\dimen129
\l__coffin_scaled_width_dim=\dimen130
\c__coffin_empty_coffin=\box41
\l__coffin_display_coffin=\box42
\l__coffin_display_coord_coffin=\box43
\l__coffin_display_pole_coffin=\box44
\l__coffin_display_offset_dim=\dimen131
\l__coffin_display_x_dim=\dimen132
\l__coffin_display_y_dim=\dimen133
\g__char_data_ior=\read1

("C:\Users\juanr\AppData\Local\Programs\MiKTeX 2.9\tex/latex/l3kernel\l3depreca
tion.def"
File: l3deprecation.def 2019-04-06 v L3 Deprecated functions
))
("C:\Users\juanr\AppData\Local\Programs\MiKTeX 2.9\tex/latex/l3backend\l3backen
d-pdfmode.def"
File: l3backend-pdfmode.def 2019-04-06 L3 backend support: PDF mode
\l__kernel_color_stack_int=\count167
\l__pdf_internal_box=\box45
))
("C:\Users\juanr\AppData\Local\Programs\MiKTeX 2.9\tex/latex/l3packages/l3keys2
e\l3keys2e.sty"
Package: l3keys2e 2019-10-11 LaTeX2e option processing using LaTeX3 keys
)
("C:\Users\juanr\AppData\Local\Programs\MiKTeX 2.9\tex/latex/environ\environ.st
y"
Package: environ 2014/05/04 v0.3 A new way to define environments

("C:\Users\juanr\AppData\Local\Programs\MiKTeX 2.9\tex/latex/trimspaces\trimspa
ces.sty"
Package: trimspaces 2009/09/17 v1.1 Trim spaces around a token list
)
\@envbody=\toks14
)
("C:\Users\juanr\AppData\Local\Programs\MiKTeX 2.9\tex/latex/l3packages/xparse\
xparse.sty"
Package: xparse 2019-10-11 L3 Experimental document command parser
\l__xparse_current_arg_int=\count168
\g__xparse_grabber_int=\count169
\l__xparse_m_args_int=\count170
\l__xparse_v_nesting_int=\count171
)
("C:\Users\juanr\AppData\Local\Programs\MiKTeX 2.9\tex/latex/base\inputenc.sty"
Package: inputenc 2018/08/11 v1.3c Input encoding file
\inpenc@prehook=\toks15
\inpenc@posthook=\toks16
)
Document Class: ctuthesis 2016/06/15 v0.1 t1606152353 Class for typesetting CTU
 theses and alike
(ctuth-core.tex
File: ctuth-core.tex 2016/06/15 v0.1t1606152353 "Core" part of the class ctuthe
sis
\g_ctuthesis_tempa_skip=\skip47
)
("C:\Users\juanr\AppData\Local\Programs\MiKTeX 2.9\tex/latex/base\book.cls"
Document Class: book 2018/09/03 v1.4i Standard LaTeX document class
("C:\Users\juanr\AppData\Local\Programs\MiKTeX 2.9\tex/latex/base\bk11.clo"
File: bk11.clo 2018/09/03 v1.4i Standard LaTeX file (size option)
)
\c@part=\count172
\c@chapter=\count173
\c@section=\count174
\c@subsection=\count175
\c@subsubsection=\count176
\c@paragraph=\count177
\c@subparagraph=\count178
\c@figure=\count179
\c@table=\count180
\abovecaptionskip=\skip48
\belowcaptionskip=\skip49
\bibindent=\dimen134
)
(ctuth-names.tex
File: ctuthesis-names.def 2014/01/18 v0.1 "Names"partoftheclassctuthesis
)) (ctuth-pkg.tex
File: ctuth-pkg.tex 2016/06/15 v0.1t1606152353 "Packages" part of the class ctu
thesis

("C:\Users\juanr\AppData\Local\Programs\MiKTeX 2.9\tex/latex/lm\lmodern.sty"
Package: lmodern 2009/10/30 v1.6 Latin Modern Fonts
LaTeX Font Info:    Overwriting symbol font `operators' in version `normal'
(Font)                  OT1/cmr/m/n --> OT1/lmr/m/n on input line 22.
LaTeX Font Info:    Overwriting symbol font `letters' in version `normal'
(Font)                  OML/cmm/m/it --> OML/lmm/m/it on input line 23.
LaTeX Font Info:    Overwriting symbol font `symbols' in version `normal'
(Font)                  OMS/cmsy/m/n --> OMS/lmsy/m/n on input line 24.
LaTeX Font Info:    Overwriting symbol font `largesymbols' in version `normal'
(Font)                  OMX/cmex/m/n --> OMX/lmex/m/n on input line 25.
LaTeX Font Info:    Overwriting symbol font `operators' in version `bold'
(Font)                  OT1/cmr/bx/n --> OT1/lmr/bx/n on input line 26.
LaTeX Font Info:    Overwriting symbol font `letters' in version `bold'
(Font)                  OML/cmm/b/it --> OML/lmm/b/it on input line 27.
LaTeX Font Info:    Overwriting symbol font `symbols' in version `bold'
(Font)                  OMS/cmsy/b/n --> OMS/lmsy/b/n on input line 28.
LaTeX Font Info:    Overwriting symbol font `largesymbols' in version `bold'
(Font)                  OMX/cmex/m/n --> OMX/lmex/m/n on input line 29.
LaTeX Font Info:    Overwriting math alphabet `\mathbf' in version `normal'
(Font)                  OT1/cmr/bx/n --> OT1/lmr/bx/n on input line 31.
LaTeX Font Info:    Overwriting math alphabet `\mathsf' in version `normal'
(Font)                  OT1/cmss/m/n --> OT1/lmss/m/n on input line 32.
LaTeX Font Info:    Overwriting math alphabet `\mathit' in version `normal'
(Font)                  OT1/cmr/m/it --> OT1/lmr/m/it on input line 33.
LaTeX Font Info:    Overwriting math alphabet `\mathtt' in version `normal'
(Font)                  OT1/cmtt/m/n --> OT1/lmtt/m/n on input line 34.
LaTeX Font Info:    Overwriting math alphabet `\mathbf' in version `bold'
(Font)                  OT1/cmr/bx/n --> OT1/lmr/bx/n on input line 35.
LaTeX Font Info:    Overwriting math alphabet `\mathsf' in version `bold'
(Font)                  OT1/cmss/bx/n --> OT1/lmss/bx/n on input line 36.
LaTeX Font Info:    Overwriting math alphabet `\mathit' in version `bold'
(Font)                  OT1/cmr/bx/it --> OT1/lmr/bx/it on input line 37.
LaTeX Font Info:    Overwriting math alphabet `\mathtt' in version `bold'
(Font)                  OT1/cmtt/m/n --> OT1/lmtt/m/n on input line 38.
)
("C:\Users\juanr\AppData\Local\Programs\MiKTeX 2.9\tex/latex/base\fontenc.sty"
Package: fontenc 2018/08/11 v2.0j Standard LaTeX package

("C:\Users\juanr\AppData\Local\Programs\MiKTeX 2.9\tex/latex/base\t1enc.def"
File: t1enc.def 2018/08/11 v2.0j Standard LaTeX file
LaTeX Font Info:    Redeclaring font encoding T1 on input line 48.
))
("C:\Users\juanr\AppData\Local\Programs\MiKTeX 2.9\tex/latex/microtype\microtyp
e.sty"
Package: microtype 2019/11/18 v2.7d Micro-typographical refinements (RS)

("C:\Users\juanr\AppData\Local\Programs\MiKTeX 2.9\tex/latex/graphics\keyval.st
y"
Package: keyval 2014/10/28 v1.15 key=value parser (DPC)
\KV@toks@=\toks17
)
\MT@toks=\toks18
\MT@count=\count181
LaTeX Info: Redefining \textls on input line 790.
\MT@outer@kern=\dimen135
LaTeX Info: Redefining \textmicrotypecontext on input line 1354.
\MT@listname@count=\count182

("C:\Users\juanr\AppData\Local\Programs\MiKTeX 2.9\tex/latex/microtype\microtyp
e-pdftex.def"
File: microtype-pdftex.def 2019/11/18 v2.7d Definitions specific to pdftex (RS)

LaTeX Info: Redefining \lsstyle on input line 914.
LaTeX Info: Redefining \lslig on input line 914.
\MT@outer@space=\skip50
)
Package microtype Info: Loading configuration file microtype.cfg.

("C:\Users\juanr\AppData\Local\Programs\MiKTeX 2.9\tex/latex/microtype\microtyp
e.cfg"
File: microtype.cfg 2019/11/18 v2.7d microtype main configuration file (RS)
))
("C:\Users\juanr\AppData\Local\Programs\MiKTeX 2.9\tex/latex/graphics\graphicx.
sty"
Package: graphicx 2017/06/01 v1.1a Enhanced LaTeX Graphics (DPC,SPQR)

("C:\Users\juanr\AppData\Local\Programs\MiKTeX 2.9\tex/latex/graphics\graphics.
sty"
Package: graphics 2017/06/25 v1.2c Standard LaTeX Graphics (DPC,SPQR)

("C:\Users\juanr\AppData\Local\Programs\MiKTeX 2.9\tex/latex/graphics\trig.sty"
Package: trig 2016/01/03 v1.10 sin cos tan (DPC)
)
("C:\Users\juanr\AppData\Local\Programs\MiKTeX 2.9\tex/latex/graphics-cfg\graph
ics.cfg"
File: graphics.cfg 2016/06/04 v1.11 sample graphics configuration
)
Package graphics Info: Driver file: pdftex.def on input line 99.

("C:\Users\juanr\AppData\Local\Programs\MiKTeX 2.9\tex/latex/graphics-def\pdfte
x.def"
File: pdftex.def 2018/01/08 v1.0l Graphics/color driver for pdftex
))
\Gin@req@height=\dimen136
\Gin@req@width=\dimen137
)
("C:\Users\juanr\AppData\Local\Programs\MiKTeX 2.9\tex/latex/pdfpages\pdfpages.
sty"
Package: pdfpages 2019/11/21 v0.5o Insert pages of external PDF documents (AM)

("C:\Users\juanr\AppData\Local\Programs\MiKTeX 2.9\tex/latex/base\ifthen.sty"
Package: ifthen 2014/09/29 v1.1c Standard LaTeX ifthen package (DPC)
)
("C:\Users\juanr\AppData\Local\Programs\MiKTeX 2.9\tex/latex/tools\calc.sty"
Package: calc 2017/05/25 v4.3 Infix arithmetic (KKT,FJ)
\calc@Acount=\count183
\calc@Bcount=\count184
\calc@Adimen=\dimen138
\calc@Bdimen=\dimen139
\calc@Askip=\skip51
\calc@Bskip=\skip52
LaTeX Info: Redefining \setlength on input line 80.
LaTeX Info: Redefining \addtolength on input line 81.
\calc@Ccount=\count185
\calc@Cskip=\skip53
)
("C:\Users\juanr\AppData\Local\Programs\MiKTeX 2.9\tex/latex/eso-pic\eso-pic.st
y"
Package: eso-pic 2018/04/12 v2.0h eso-pic (RN)

("C:\Users\juanr\AppData\Local\Programs\MiKTeX 2.9\tex/generic/oberdiek\atbegsh
i.sty"
Package: atbegshi 2016/06/09 v1.18 At begin shipout hook (HO)

("C:\Users\juanr\AppData\Local\Programs\MiKTeX 2.9\tex/generic/oberdiek\infware
rr.sty"
Package: infwarerr 2016/05/16 v1.4 Providing info/warning/error messages (HO)
)
("C:\Users\juanr\AppData\Local\Programs\MiKTeX 2.9\tex/generic/oberdiek\ltxcmds
.sty"
Package: ltxcmds 2016/05/16 v1.23 LaTeX kernel commands for general use (HO)
)
("C:\Users\juanr\AppData\Local\Programs\MiKTeX 2.9\tex/generic/oberdiek\ifpdf.s
ty"
Package: ifpdf 2018/09/07 v3.3 Provides the ifpdf switch
))
("C:\Users\juanr\AppData\Local\Programs\MiKTeX 2.9\tex/latex/xcolor\xcolor.sty"
Package: xcolor 2016/05/11 v2.12 LaTeX color extensions (UK)

("C:\Users\juanr\AppData\Local\Programs\MiKTeX 2.9\tex/latex/graphics-cfg\color
.cfg"
File: color.cfg 2016/01/02 v1.6 sample color configuration
)
Package xcolor Info: Driver file: pdftex.def on input line 225.
Package xcolor Info: Model `cmy' substituted by `cmy0' on input line 1348.
Package xcolor Info: Model `hsb' substituted by `rgb' on input line 1352.
Package xcolor Info: Model `RGB' extended on input line 1364.
Package xcolor Info: Model `HTML' substituted by `rgb' on input line 1366.
Package xcolor Info: Model `Hsb' substituted by `hsb' on input line 1367.
Package xcolor Info: Model `tHsb' substituted by `hsb' on input line 1368.
Package xcolor Info: Model `HSB' substituted by `hsb' on input line 1369.
Package xcolor Info: Model `Gray' substituted by `gray' on input line 1370.
Package xcolor Info: Model `wave' substituted by `hsb' on input line 1371.
))
\AM@pagewidth=\dimen140
\AM@pageheight=\dimen141

("C:\Users\juanr\AppData\Local\Programs\MiKTeX 2.9\tex/latex/pdfpages\pppdftex.
def"
File: pppdftex.def 2019/11/21 v0.5o Pdfpages driver for pdfTeX (AM)
)
\AM@pagebox=\box46
\AM@global@opts=\toks19
\AM@toc@title=\toks20
\c@AM@survey=\count186
\AM@templatesizebox=\box47
)
("C:\Users\juanr\AppData\Local\Programs\MiKTeX 2.9\tex/generic/babel\babel.sty"
Package: babel 2019/07/19 3.33 The Babel package
("C:\Users\juanr\AppData\Local\Programs\MiKTeX 2.9\tex/generic/babel\switch.def
"
File: switch.def 2019/07/19 3.33 Babel switching mechanism
)
*************************************
* Local config file bblopts.cfg used
*
("C:\Users\juanr\AppData\Local\Programs\MiKTeX 2.9\tex/latex/arabi\bblopts.cfg"
File: bblopts.cfg 2005/09/08 v0.1 add Arabic and Farsi to "declared" options of
 babel
)
("C:\Users\juanr\AppData\Local\Programs\MiKTeX 2.9\tex/latex/babel-english\engl
ish.ldf"
Language: english 2017/06/06 v3.3r English support from the babel system

("C:\Users\juanr\AppData\Local\Programs\MiKTeX 2.9\tex/generic/babel\babel.def"
File: babel.def 2019/07/19 3.33 Babel common definitions
\babel@savecnt=\count187
\U@D=\dimen142

("C:\Users\juanr\AppData\Local\Programs\MiKTeX 2.9\tex/generic/babel\txtbabel.d
ef")
\bbl@dirlevel=\count188
)
\l@canadian = a dialect from \language\l@american 
\l@australian = a dialect from \language\l@british 
\l@newzealand = a dialect from \language\l@british 
)
("C:\Users\juanr\AppData\Local\Programs\MiKTeX 2.9\tex/latex/babel-english\engl
ish.ldf"
Language: english 2017/06/06 v3.3r English support from the babel system
)
("C:\Users\juanr\AppData\Local\Programs\MiKTeX 2.9\tex/latex/babel-czech\czech.
ldf"
Language: czech 2008/07/06 v3.1a Czech support from the babel system
Package babel Info: Making " an active character on input line 172.
\cs@wordlen=\count189
Package babel Info: Making - an active character on input line 226.
)
("C:\Users\juanr\AppData\Local\Programs\MiKTeX 2.9\tex/latex/babel-english\engl
ish.ldf"
Language: english 2017/06/06 v3.3r English support from the babel system
))
\g_ctuthesis_geometry_textwidth_dim=\dimen143
\g_ctuthesis_geometry_textheight_dim=\dimen144

("C:\Users\juanr\AppData\Local\Programs\MiKTeX 2.9\tex/latex/geometry\geometry.
sty"
Package: geometry 2018/04/16 v5.8 Page Geometry

("C:\Users\juanr\AppData\Local\Programs\MiKTeX 2.9\tex/generic/oberdiek\ifvtex.
sty"
Package: ifvtex 2016/05/16 v1.6 Detect VTeX and its facilities (HO)
Package ifvtex Info: VTeX not detected.
)
("C:\Users\juanr\AppData\Local\Programs\MiKTeX 2.9\tex/generic/ifxetex\ifxetex.
sty"
Package: ifxetex 2010/09/12 v0.6 Provides ifxetex conditional
)
\Gm@cnth=\count190
\Gm@cntv=\count191
\c@Gm@tempcnt=\count192
\Gm@bindingoffset=\dimen145
\Gm@wd@mp=\dimen146
\Gm@odd@mp=\dimen147
\Gm@even@mp=\dimen148
\Gm@layoutwidth=\dimen149
\Gm@layoutheight=\dimen150
\Gm@layouthoffset=\dimen151
\Gm@layoutvoffset=\dimen152
\Gm@dimlist=\toks21

("C:\Users\juanr\AppData\Local\Programs\MiKTeX 2.9\tex/latex/geometry\geometry.
cfg"))
\g_ctuthesis_geometry_innermargin_dim=\dimen153
*geometry* verbose mode - [ newgeometry ] result:
* driver: 
* paper: a4paper
* layout: <same size as paper>
* layoutoffset:(h,v)=(0.0pt,0.0pt)
* vratio: 5:6
* modes: twoside 
* h-part:(L,W,R)=(93.8031pt, 363.0pt, 140.70477pt)
* v-part:(T,H,B)=(96.02798pt, 633.78513pt, 115.23373pt)
* \paperwidth=597.50787pt
* \paperheight=845.04684pt
* \textwidth=363.0pt
* \textheight=633.78513pt
* \oddsidemargin=21.53311pt
* \evensidemargin=68.43478pt
* \topmargin=-12.1158pt
* \headheight=16.0pt
* \headsep=19.8738pt
* \topskip=11.0pt
* \footskip=27.46295pt
* \marginparwidth=106.0pt
* \marginparsep=10.0pt
* \columnsep=10.0pt
* \skip\footins=10.0pt plus 4.0pt minus 2.0pt
* \hoffset=0.0pt
* \voffset=0.0pt
* \mag=1000
* \@twocolumnfalse
* \@twosidetrue
* \@mparswitchtrue
* \@reversemarginfalse
* (1in=72.27pt=25.4mm, 1cm=28.453pt)


("C:\Users\juanr\AppData\Local\Programs\MiKTeX 2.9\tex/latex/titlesec\titlesec.
sty"
Package: titlesec 2019/10/16 v2.13 Sectioning titles
\ttl@box=\box48
\beforetitleunit=\skip54
\aftertitleunit=\skip55
\ttl@plus=\dimen154
\ttl@minus=\dimen155
\ttl@toksa=\toks22
\titlewidth=\dimen156
\titlewidthlast=\dimen157
\titlewidthfirst=\dimen158
)
\ctu@title@rulewidth=\skip56
\ctu@title@rulesep=\skip57
\ctu@title@box=\box49

("C:\Users\juanr\AppData\Local\Programs\MiKTeX 2.9\tex/latex/fancyhdr\fancyhdr.
sty"
Package: fancyhdr 2019/01/31 v3.10 Extensive control of page headers and footer
s
\f@nch@headwidth=\skip58
\f@nch@O@elh=\skip59
\f@nch@O@erh=\skip60
\f@nch@O@olh=\skip61
\f@nch@O@orh=\skip62
\f@nch@O@elf=\skip63
\f@nch@O@erf=\skip64
\f@nch@O@olf=\skip65
\f@nch@O@orf=\skip66
)
\g_ctuthesis_fancy_bluerule_l_box=\box50
LaTeX Font Info:    Try loading font information for T1+lmss on input line 588.

 ("C:\Users\juanr\AppData\Local\Programs\MiKTeX 2.9\tex/latex/lm\t1lmss.fd"
File: t1lmss.fd 2009/10/30 v1.6 Font defs for Latin Modern
)
\g_ctuthesis_fancy_bluerule_r_box=\box51
\g_ctuthesis_fancy_bluerule_c_box=\box52
 ("C:\Users\juanr\AppData\Local\Programs\MiKTeX 2.9\tex/latex/float\float.sty"
Package: float 2001/11/08 v1.3d Float enhancements (AL)
\c@float@type=\count193
\float@exts=\toks23
\float@box=\box53
\@float@everytoks=\toks24
\@floatcapt=\box54
)
("C:\Users\juanr\AppData\Local\Programs\MiKTeX 2.9\tex/latex/caption\caption.st
y"
Package: caption 2019/10/18 v3.4a Customizing captions (AR)

("C:\Users\juanr\AppData\Local\Programs\MiKTeX 2.9\tex/latex/caption\caption3.s
ty"
Package: caption3 2019/09/09 v1.8e caption3 kernel (AR)
Package caption3 Info: TeX engine: e-TeX on input line 64.
\captionmargin=\dimen159
\captionmargin@=\dimen160
\captionwidth=\dimen161
\caption@tempdima=\dimen162
\caption@indent=\dimen163
\caption@parindent=\dimen164
\caption@hangindent=\dimen165
Package caption Info: Standard document class detected.
)
\c@caption@flags=\count194
\c@continuedfloat=\count195
Package caption Info: float package is loaded.
)
\@float@every@figure=\toks25
\@float@every@table=\toks26

("C:\Users\juanr\AppData\Local\Programs\MiKTeX 2.9\tex/latex/booktabs\booktabs.
sty"
Package: booktabs 2019/10/08 v1.6180339 publication quality tables
\heavyrulewidth=\dimen166
\lightrulewidth=\dimen167
\cmidrulewidth=\dimen168
\belowrulesep=\dimen169
\belowbottomsep=\dimen170
\aboverulesep=\dimen171
\abovetopsep=\dimen172
\cmidrulesep=\dimen173
\cmidrulekern=\dimen174
\defaultaddspace=\dimen175
\@cmidla=\count196
\@cmidlb=\count197
\@aboverulesep=\dimen176
\@belowrulesep=\dimen177
\@thisruleclass=\count198
\@lastruleclass=\count199
\@thisrulewidth=\dimen178
)
\g_ctuthesis_tempa_box=\box55
\g_ctuthesis_list_label_i_box=\box56
\g_ctuthesis_list_label_ii_box=\box57
\g_ctuthesis_list_label_iii_box=\box58
\g_ctuthesis_list_label_iv_box=\box59

("C:\Users\juanr\AppData\Local\Programs\MiKTeX 2.9\tex/latex/amsmath\amsmath.st
y"
Package: amsmath 2018/12/01 v2.17b AMS math features
\@mathmargin=\skip67

For additional information on amsmath, use the `?' option.

("C:\Users\juanr\AppData\Local\Programs\MiKTeX 2.9\tex/latex/amsmath\amstext.st
y"
Package: amstext 2000/06/29 v2.01 AMS text

("C:\Users\juanr\AppData\Local\Programs\MiKTeX 2.9\tex/latex/amsmath\amsgen.sty
"
File: amsgen.sty 1999/11/30 v2.0 generic functions
\@emptytoks=\toks27
\ex@=\dimen179
))
("C:\Users\juanr\AppData\Local\Programs\MiKTeX 2.9\tex/latex/amsmath\amsbsy.sty
"
Package: amsbsy 1999/11/29 v1.2d Bold Symbols
\pmbraise@=\dimen180
)
("C:\Users\juanr\AppData\Local\Programs\MiKTeX 2.9\tex/latex/amsmath\amsopn.sty
"
Package: amsopn 2016/03/08 v2.02 operator names
)
\inf@bad=\count266
LaTeX Info: Redefining \frac on input line 223.
\uproot@=\count267
\leftroot@=\count268
LaTeX Info: Redefining \overline on input line 385.
\classnum@=\count269
\DOTSCASE@=\count270
LaTeX Info: Redefining \ldots on input line 482.
LaTeX Info: Redefining \dots on input line 485.
LaTeX Info: Redefining \cdots on input line 606.
\Mathstrutbox@=\box60
\strutbox@=\box61
\big@size=\dimen181
LaTeX Font Info:    Redeclaring font encoding OML on input line 729.
LaTeX Font Info:    Redeclaring font encoding OMS on input line 730.
\macc@depth=\count271
\c@MaxMatrixCols=\count272
\dotsspace@=\muskip16
\c@parentequation=\count273
\dspbrk@lvl=\count274
\tag@help=\toks28
\row@=\count275
\column@=\count276
\maxfields@=\count277
\andhelp@=\toks29
\eqnshift@=\dimen182
\alignsep@=\dimen183
\tagshift@=\dimen184
\tagwidth@=\dimen185
\totwidth@=\dimen186
\lineht@=\dimen187
\@envbody=\toks30
\multlinegap=\skip68
\multlinetaggap=\skip69
\mathdisplay@stack=\toks31
LaTeX Info: Redefining \[ on input line 2844.
LaTeX Info: Redefining \] on input line 2845.
)
("C:\Users\juanr\AppData\Local\Programs\MiKTeX 2.9\tex/latex/amsfonts\amssymb.s
ty"
Package: amssymb 2013/01/14 v3.01 AMS font symbols

("C:\Users\juanr\AppData\Local\Programs\MiKTeX 2.9\tex/latex/amsfonts\amsfonts.
sty"
Package: amsfonts 2013/01/14 v3.01 Basic AMSFonts support
\symAMSa=\mathgroup4
\symAMSb=\mathgroup5
LaTeX Font Info:    Overwriting math alphabet `\mathfrak' in version `bold'
(Font)                  U/euf/m/n --> U/euf/b/n on input line 106.
))
("C:\Users\juanr\AppData\Local\Programs\MiKTeX 2.9\tex/latex/amscls\amsthm.sty"
Package: amsthm 2017/10/31 v2.20.4
\thm@style=\toks32
\thm@bodyfont=\toks33
\thm@headfont=\toks34
\thm@notefont=\toks35
\thm@headpunct=\toks36
\thm@preskip=\skip70
\thm@postskip=\skip71
\thm@headsep=\skip72
\dth@everypar=\toks37
) ("C:\Users\juanr\AppData\Local\Programs\MiKTeX 2.9\tex/latex/base\makeidx.sty
"
Package: makeidx 2014/09/29 v1.0m Standard LaTeX package
)
\@indexfile=\write3
\openout3 = `ctuman.idx'.


Writing index file ctuman.idx
("C:\Users\juanr\AppData\Local\Programs\MiKTeX 2.9\tex/latex/tools\multicol.sty
"
Package: multicol 2018/12/27 v1.8v multicolumn formatting (FMi)
\c@tracingmulticols=\count278
\mult@box=\box62
\multicol@leftmargin=\dimen188
\c@unbalance=\count279
\c@collectmore=\count280
\doublecol@number=\count281
\multicoltolerance=\count282
\multicolpretolerance=\count283
\full@width=\dimen189
\page@free=\dimen190
\premulticols=\dimen191
\postmulticols=\dimen192
\multicolsep=\skip73
\multicolbaselineskip=\skip74
\partial@page=\box63
\last@line=\box64
\maxbalancingoverflow=\dimen193
\mult@rightbox=\box65
\mult@grightbox=\box66
\mult@gfirstbox=\box67
\mult@firstbox=\box68
\@tempa=\box69
\@tempa=\box70
\@tempa=\box71
\@tempa=\box72
\@tempa=\box73
\@tempa=\box74
\@tempa=\box75
\@tempa=\box76
\@tempa=\box77
\@tempa=\box78
\@tempa=\box79
\@tempa=\box80
\@tempa=\box81
\@tempa=\box82
\@tempa=\box83
\@tempa=\box84
\@tempa=\box85
\c@columnbadness=\count284
\c@finalcolumnbadness=\count285
\last@try=\dimen194
\multicolovershoot=\dimen195
\multicolundershoot=\dimen196
\mult@nat@firstbox=\box86
\colbreak@box=\box87
\mc@col@check@num=\count286
)
("C:\Users\juanr\AppData\Local\Programs\MiKTeX 2.9\tex/latex/listings\listings.
sty"
\lst@mode=\count287
\lst@gtempboxa=\box88
\lst@token=\toks38
\lst@length=\count288
\lst@currlwidth=\dimen197
\lst@column=\count289
\lst@pos=\count290
\lst@lostspace=\dimen198
\lst@width=\dimen199
\lst@newlines=\count291
\lst@lineno=\count292
\lst@maxwidth=\dimen256

("C:\Users\juanr\AppData\Local\Programs\MiKTeX 2.9\tex/latex/listings\lstmisc.s
ty"
File: lstmisc.sty 2019/09/10 1.8c (Carsten Heinz)
\c@lstnumber=\count293
\lst@skipnumbers=\count294
\lst@framebox=\box89
)
("C:\Users\juanr\AppData\Local\Programs\MiKTeX 2.9\tex/latex/listings\listings.
cfg"
File: listings.cfg 2019/09/10 1.8c listings configuration
))
Package: listings 2019/09/10 1.8c (Carsten Heinz)
\ctuthesis_lst_box=\box90

("C:\Users\juanr\AppData\Local\Programs\MiKTeX 2.9\tex/latex/hyperref\hyperref.
sty"
Package: hyperref 2019/06/12 v6.88h Hypertext links for LaTeX

("C:\Users\juanr\AppData\Local\Programs\MiKTeX 2.9\tex/generic/oberdiek\hobsub-
hyperref.sty"
Package: hobsub-hyperref 2016/05/16 v1.14 Bundle oberdiek, subset hyperref (HO)


("C:\Users\juanr\AppData\Local\Programs\MiKTeX 2.9\tex/generic/oberdiek\hobsub-
generic.sty"
Package: hobsub-generic 2016/05/16 v1.14 Bundle oberdiek, subset generic (HO)
Package: hobsub 2016/05/16 v1.14 Construct package bundles (HO)
Package hobsub Info: Skipping package `infwarerr' (already loaded).
Package hobsub Info: Skipping package `ltxcmds' (already loaded).
Package: ifluatex 2016/05/16 v1.4 Provides the ifluatex switch (HO)
Package ifluatex Info: LuaTeX not detected.
Package hobsub Info: Skipping package `ifvtex' (already loaded).
Package: intcalc 2016/05/16 v1.2 Expandable calculations with integers (HO)
Package hobsub Info: Skipping package `ifpdf' (already loaded).
Package: etexcmds 2016/05/16 v1.6 Avoid name clashes with e-TeX commands (HO)
Package: kvsetkeys 2016/05/16 v1.17 Key value parser (HO)
Package: kvdefinekeys 2016/05/16 v1.4 Define keys (HO)
Package: pdftexcmds 2019/07/25 v0.30 Utility functions of pdfTeX for LuaTeX (HO
)
Package pdftexcmds Info: LuaTeX not detected.
Package pdftexcmds Info: \pdf@primitive is available.
Package pdftexcmds Info: \pdf@ifprimitive is available.
Package pdftexcmds Info: \pdfdraftmode found.
Package: pdfescape 2016/05/16 v1.14 Implements pdfTeX's escape features (HO)
Package: bigintcalc 2016/05/16 v1.4 Expandable calculations on big integers (HO
)
Package: bitset 2016/05/16 v1.2 Handle bit-vector datatype (HO)
Package: uniquecounter 2016/05/16 v1.3 Provide unlimited unique counter (HO)
)
Package hobsub Info: Skipping package `hobsub' (already loaded).
Package: letltxmacro 2016/05/16 v1.5 Let assignment for LaTeX macros (HO)
Package: hopatch 2016/05/16 v1.3 Wrapper for package hooks (HO)
Package: xcolor-patch 2016/05/16 xcolor patch
Package: atveryend 2016/05/16 v1.9 Hooks at the very end of document (HO)
Package atveryend Info: \enddocument detected (standard20110627).
Package hobsub Info: Skipping package `atbegshi' (already loaded).
Package: refcount 2016/05/16 v3.5 Data extraction from label references (HO)
Package: hycolor 2016/05/16 v1.8 Color options for hyperref/bookmark (HO)
)
("C:\Users\juanr\AppData\Local\Programs\MiKTeX 2.9\tex/latex/oberdiek\auxhook.s
ty"
Package: auxhook 2016/05/16 v1.4 Hooks for auxiliary files (HO)
)
("C:\Users\juanr\AppData\Local\Programs\MiKTeX 2.9\tex/latex/oberdiek\kvoptions
.sty"
Package: kvoptions 2016/05/16 v3.12 Key value format for package options (HO)
)
\@linkdim=\dimen257
\Hy@linkcounter=\count295
\Hy@pagecounter=\count296

("C:\Users\juanr\AppData\Local\Programs\MiKTeX 2.9\tex/latex/hyperref\pd1enc.de
f"
File: pd1enc.def 2019/06/12 v6.88h Hyperref: PDFDocEncoding definition (HO)
Now handling font encoding PD1 ...
... no UTF-8 mapping file for font encoding PD1
)
\Hy@SavedSpaceFactor=\count297

("C:\Users\juanr\AppData\Local\Programs\MiKTeX 2.9\tex/latex/00miktex\hyperref.
cfg"
File: hyperref.cfg 2002/06/06 v1.2 hyperref configuration of TeXLive
)
Package hyperref Info: Hyper figures OFF on input line 4550.
Package hyperref Info: Link nesting OFF on input line 4555.
Package hyperref Info: Hyper index ON on input line 4558.
Package hyperref Info: Plain pages OFF on input line 4565.
Package hyperref Info: Backreferencing OFF on input line 4570.
Package hyperref Info: Implicit mode ON; LaTeX internals redefined.
Package hyperref Info: Bookmarks ON on input line 4803.
\c@Hy@tempcnt=\count298
 ("C:\Users\juanr\AppData\Local\Programs\MiKTeX 2.9\tex/latex/url\url.sty"
\Urlmuskip=\muskip17
Package: url 2013/09/16  ver 3.4  Verb mode for urls, etc.
)
LaTeX Info: Redefining \url on input line 5156.
\XeTeXLinkMargin=\dimen258
\Fld@menulength=\count299
\Field@Width=\dimen259
\Fld@charsize=\dimen260
Package hyperref Info: Hyper figures OFF on input line 6411.
Package hyperref Info: Link nesting OFF on input line 6416.
Package hyperref Info: Hyper index ON on input line 6419.
Package hyperref Info: backreferencing OFF on input line 6426.
Package hyperref Info: Link coloring OFF on input line 6431.
Package hyperref Info: Link coloring with OCG OFF on input line 6436.
Package hyperref Info: PDF/A mode OFF on input line 6441.
LaTeX Info: Redefining \ref on input line 6481.
LaTeX Info: Redefining \pageref on input line 6485.
\Hy@abspage=\count300
\c@Item=\count301
\c@Hfootnote=\count302
)
Package hyperref Info: Driver (autodetected): hpdftex.

("C:\Users\juanr\AppData\Local\Programs\MiKTeX 2.9\tex/latex/hyperref\hpdftex.d
ef"
File: hpdftex.def 2019/06/12 v6.88h Hyperref driver for pdfTeX
\Fld@listcount=\count303
\c@bookmark@seq@number=\count304

("C:\Users\juanr\AppData\Local\Programs\MiKTeX 2.9\tex/latex/oberdiek\rerunfile
check.sty"
Package: rerunfilecheck 2016/05/16 v1.8 Rerun checks for auxiliary files (HO)
Package uniquecounter Info: New unique counter `rerunfilecheck' on input line 2
82.
)
\Hy@SectionHShift=\skip75
)
Package hyperref Info: Option `colorlinks' set `false' on input line 957.
Package hyperref Info: Option `linktocpage' set `true' on input line 957.


Package hyperref Warning: Token not allowed in a PDF string (PDFDocEncoding):
(hyperref)                removing `\ctuthesis_field_use:nn' on input line 957.



Package hyperref Warning: Token not allowed in a PDF string (PDFDocEncoding):
(hyperref)                removing `\ctuthesis_field_use:n' on input line 957.

) (ctuth-templates.tex
File: ctuth-templates.tex 2016/06/15 v0.1t1606152353 "Templates" part of the cl
ass ctuthesis
)
\c@theorem=\count305

("C:\Users\juanr\AppData\Local\Programs\MiKTeX 2.9\tex/latex/mparhack\mparhack.
sty"
Package: mparhack 2005/04/17 v1.4 (T. Sgouros and S. Ulrich)
)
("C:\Users\juanr\AppData\Local\Programs\MiKTeX 2.9\tex/latex/tools\tabularx.sty
"
Package: tabularx 2016/02/03 v2.11b `tabularx' package (DPC)
 ("C:\Users\juanr\AppData\Local\Programs\MiKTeX 2.9\tex/latex/tools\array.sty"
Package: array 2018/12/30 v2.4k Tabular extension package (FMi)
\col@sep=\dimen261
\ar@mcellbox=\box91
\extrarowheight=\dimen262
\NC@list=\toks39
\extratabsurround=\skip76
\backup@length=\skip77
\ar@cellbox=\box92
)
\TX@col@width=\dimen263
\TX@old@table=\dimen264
\TX@old@col=\dimen265
\TX@target=\dimen266
\TX@delta=\dimen267
\TX@cols=\count306
\TX@ftn=\toks40
)
("C:\Users\juanr\AppData\Local\Programs\MiKTeX 2.9\tex/latex/mathtools\mathtool
s.sty"
Package: mathtools 2020/01/17 v1.23 mathematical typesetting tools

("C:\Users\juanr\AppData\Local\Programs\MiKTeX 2.9\tex/latex/mathtools\mhsetup.
sty"
Package: mhsetup 2017/03/31 v1.3 programming setup (MH)
)
LaTeX Info: Thecontrolsequence`\('isalreadyrobust on input line 129.
LaTeX Info: Thecontrolsequence`\)'isalreadyrobust on input line 129.
LaTeX Info: Thecontrolsequence`\['isalreadyrobust on input line 129.
LaTeX Info: Thecontrolsequence`\]'isalreadyrobust on input line 129.
\g_MT_multlinerow_int=\count307
\l_MT_multwidth_dim=\dimen268
\origjot=\skip78
\l_MT_shortvdotswithinadjustabove_dim=\dimen269
\l_MT_shortvdotswithinadjustbelow_dim=\dimen270
\l_MT_above_intertext_sep=\dimen271
\l_MT_below_intertext_sep=\dimen272
\l_MT_above_shortintertext_sep=\dimen273
\l_MT_below_shortintertext_sep=\dimen274
)
\myboxa=\box93
 (ctuman.aux)
\openout1 = `ctuman.aux'.

LaTeX Font Info:    Checking defaults for OML/cmm/m/it on input line 147.
LaTeX Font Info:    ... okay on input line 147.
LaTeX Font Info:    Checking defaults for T1/cmr/m/n on input line 147.
LaTeX Font Info:    ... okay on input line 147.
LaTeX Font Info:    Checking defaults for OT1/cmr/m/n on input line 147.
LaTeX Font Info:    ... okay on input line 147.
LaTeX Font Info:    Checking defaults for OMS/cmsy/m/n on input line 147.
LaTeX Font Info:    ... okay on input line 147.
LaTeX Font Info:    Checking defaults for OMX/cmex/m/n on input line 147.
LaTeX Font Info:    ... okay on input line 147.
LaTeX Font Info:    Checking defaults for U/cmr/m/n on input line 147.
LaTeX Font Info:    ... okay on input line 147.
LaTeX Font Info:    Checking defaults for PD1/pdf/m/n on input line 147.
LaTeX Font Info:    ... okay on input line 147.
LaTeX Font Info:    Try loading font information for T1+lmr on input line 147.

("C:\Users\juanr\AppData\Local\Programs\MiKTeX 2.9\tex/latex/lm\t1lmr.fd"
File: t1lmr.fd 2009/10/30 v1.6 Font defs for Latin Modern
)
LaTeX Info: Redefining \microtypecontext on input line 147.
Package microtype Info: Generating PDF output.
Package microtype Info: Character protrusion enabled (level 2).
Package microtype Info: Using default protrusion set `alltext'.
Package microtype Info: Automatic font expansion enabled (level 2),
(microtype)             stretch: 20, shrink: 20, step: 1, non-selected.
Package microtype Info: Using default expansion set `basictext'.
Package microtype Info: No adjustment of tracking.
Package microtype Info: No adjustment of interword spacing.
Package microtype Info: No adjustment of character kerning.

("C:\Users\juanr\AppData\Local\Programs\MiKTeX 2.9\tex/latex/microtype\mt-cmr.c
fg"
File: mt-cmr.cfg 2013/05/19 v2.2 microtype config. file: Computer Modern Roman 
(RS)
)
("C:\Users\juanr\AppData\Local\Programs\MiKTeX 2.9\tex/context/base/mkii\supp-p
df.mkii"
[Loading MPS to PDF converter (version 2006.09.02).]
\scratchcounter=\count308
\scratchdimen=\dimen275
\scratchbox=\box94
\nofMPsegments=\count309
\nofMParguments=\count310
\everyMPshowfont=\toks41
\MPscratchCnt=\count311
\MPscratchDim=\dimen276
\MPnumerator=\count312
\makeMPintoPDFobject=\count313
\everyMPtoPDFconversion=\toks42
)
("C:\Users\juanr\AppData\Local\Programs\MiKTeX 2.9\tex/latex/oberdiek\epstopdf-
base.sty"
Package: epstopdf-base 2016/05/15 v2.6 Base part for package epstopdf

("C:\Users\juanr\AppData\Local\Programs\MiKTeX 2.9\tex/latex/oberdiek\grfext.st
y"
Package: grfext 2016/05/16 v1.2 Manage graphics extensions (HO)
)
Package epstopdf-base Info: Redefining graphics rule for `.eps' on input line 4
38.
Package grfext Info: Graphics extension search list:
(grfext)             [.pdf,.png,.jpg,.eps]
(grfext)             \AppendGraphicsExtensions on input line 456.
)
\AtBeginShipoutBox=\box95

("C:\Users\juanr\AppData\Local\Programs\MiKTeX 2.9\tex/latex/oberdiek\pdflscape
.sty"
Package: pdflscape 2016/05/14 v0.11 Display of landscape pages in PDF (HO)

("C:\Users\juanr\AppData\Local\Programs\MiKTeX 2.9\tex/latex/graphics\lscape.st
y"
Package: lscape 2000/10/22 v3.01 Landscape Pages (DPC)
)
Package pdflscape Info: Auto-detected driver: pdftex on input line 81.
)
*geometry* driver: auto-detecting
*geometry* detected driver: pdftex
*geometry* verbose mode - [ preamble ] result:
* driver: pdftex
* paper: a4paper
* layout: <same size as paper>
* layoutoffset:(h,v)=(0.0pt,0.0pt)
* vratio: 5:6
* modes: twoside 
* h-part:(L,W,R)=(93.8031pt, 363.0pt, 140.70477pt)
* v-part:(T,H,B)=(96.02798pt, 633.78513pt, 115.23373pt)
* \paperwidth=597.50787pt
* \paperheight=845.04684pt
* \textwidth=363.0pt
* \textheight=633.78513pt
* \oddsidemargin=21.53311pt
* \evensidemargin=68.43478pt
* \topmargin=-12.1158pt
* \headheight=16.0pt
* \headsep=19.8738pt
* \topskip=11.0pt
* \footskip=27.46295pt
* \marginparwidth=90.70477pt
* \marginparsep=10.0pt
* \columnsep=10.0pt
* \skip\footins=10.0pt plus 4.0pt minus 2.0pt
* \hoffset=0.0pt
* \voffset=0.0pt
* \mag=1000
* \@twocolumnfalse
* \@twosidetrue
* \@mparswitchtrue
* \@reversemarginfalse
* (1in=72.27pt=25.4mm, 1cm=28.453pt)

Package caption Info: Begin \AtBeginDocument code.
Package caption Info: hyperref package is loaded.
Package caption Info: listings package is loaded.
Package caption Info: End \AtBeginDocument code.
\c@lstlisting=\count314
Package hyperref Info: Link coloring OFF on input line 147.

("C:\Users\juanr\AppData\Local\Programs\MiKTeX 2.9\tex/latex/hyperref\nameref.s
ty"
Package: nameref 2016/05/21 v2.44 Cross-referencing by name of section

("C:\Users\juanr\AppData\Local\Programs\MiKTeX 2.9\tex/generic/oberdiek\gettitl
estring.sty"
Package: gettitlestring 2016/05/16 v1.5 Cleanup title references (HO)
)
\c@section@level=\count315
)
LaTeX Info: Redefining \ref on input line 147.
LaTeX Info: Redefining \pageref on input line 147.
LaTeX Info: Redefining \nameref on input line 147.
 (ctuman.out) (ctuman.out)
\@outlinefile=\write4
\openout4 = `ctuman.out'.

\ctuclsnamebox=\box96
LaTeX Font Info:    Try loading font information for OT1+lmr on input line 156.


("C:\Users\juanr\AppData\Local\Programs\MiKTeX 2.9\tex/latex/lm\ot1lmr.fd"
File: ot1lmr.fd 2009/10/30 v1.6 Font defs for Latin Modern
)
LaTeX Font Info:    Try loading font information for OML+lmm on input line 156.


("C:\Users\juanr\AppData\Local\Programs\MiKTeX 2.9\tex/latex/lm\omllmm.fd"
File: omllmm.fd 2009/10/30 v1.6 Font defs for Latin Modern
)
LaTeX Font Info:    Try loading font information for OMS+lmsy on input line 156
.

("C:\Users\juanr\AppData\Local\Programs\MiKTeX 2.9\tex/latex/lm\omslmsy.fd"
File: omslmsy.fd 2009/10/30 v1.6 Font defs for Latin Modern
)
LaTeX Font Info:    Try loading font information for OMX+lmex on input line 156
.

("C:\Users\juanr\AppData\Local\Programs\MiKTeX 2.9\tex/latex/lm\omxlmex.fd"
File: omxlmex.fd 2009/10/30 v1.6 Font defs for Latin Modern
)
LaTeX Font Info:    External font `lmex10' loaded for size
(Font)              <10.95> on input line 156.
LaTeX Font Info:    External font `lmex10' loaded for size
(Font)              <8> on input line 156.
LaTeX Font Info:    External font `lmex10' loaded for size
(Font)              <6> on input line 156.
LaTeX Font Info:    Try loading font information for U+msa on input line 156.

("C:\Users\juanr\AppData\Local\Programs\MiKTeX 2.9\tex/latex/amsfonts\umsa.fd"
File: umsa.fd 2013/01/14 v3.01 AMS symbols A
)
("C:\Users\juanr\AppData\Local\Programs\MiKTeX 2.9\tex/latex/microtype\mt-msa.c
fg"
File: mt-msa.cfg 2006/02/04 v1.1 microtype config. file: AMS symbols (a) (RS)
)
LaTeX Font Info:    Try loading font information for U+msb on input line 156.

("C:\Users\juanr\AppData\Local\Programs\MiKTeX 2.9\tex/latex/amsfonts\umsb.fd"
File: umsb.fd 2013/01/14 v3.01 AMS symbols B
)
("C:\Users\juanr\AppData\Local\Programs\MiKTeX 2.9\tex/latex/microtype\mt-msb.c
fg"
File: mt-msb.cfg 2005/06/01 v1.0 microtype config. file: AMS symbols (b) (RS)
)
LaTeX Font Info:    Try loading font information for T1+lmtt on input line 156.

 ("C:\Users\juanr\AppData\Local\Programs\MiKTeX 2.9\tex/latex/lm\t1lmtt.fd"
File: t1lmtt.fd 2009/10/30 v1.6 Font defs for Latin Modern
)
Package microtype Info: Loading generic protrusion settings for font family
(microtype)             `lmtt' (encoding: T1).
(microtype)             For optimal results, create family-specific settings.
(microtype)             See the microtype manual for details.
Package microtype Info: Loading generic protrusion settings for font family
(microtype)             `lmss' (encoding: T1).
(microtype)             For optimal results, create family-specific settings.
(microtype)             See the microtype manual for details.
<Figs/Caratula/logo_uba.png, id=83, 224.84pt x 225.84375pt>
File: Figs/Caratula/logo_uba.png Graphic file (type png)
<use Figs/Caratula/logo_uba.png>
Package pdftex.def Info: Figs/Caratula/logo_uba.png  used on input line 159.
(pdftex.def)             Requested size: 48.68272pt x 48.90004pt.
LaTeX Font Info:    External font `lmex10' loaded for size
(Font)              <14.4> on input line 159.
LaTeX Font Info:    External font `lmex10' loaded for size
(Font)              <10> on input line 159.
LaTeX Font Info:    External font `lmex10' loaded for size
(Font)              <7> on input line 159.
LaTeX Font Info:    External font `lmex10' loaded for size
(Font)              <17.28> on input line 159.
LaTeX Font Info:    External font `lmex10' loaded for size
(Font)              <12> on input line 159.
LaTeX Font Info:    Font shape `T1/lmss/bx/it' in size <14.4> not available
(Font)              Font shape `T1/lmss/bx/sl' tried instead on input line 159.


Overfull \hbox (5.0pt too wide) in paragraph at lines 159--159
[]|| [][][] 
 []

[1



{C:/Users/juanr/AppData/Local/MiKTeX/2.9/pdftex/config/pdftex.map} <./Figs/Cara
tula/logo_uba.png>] [2

]
*geometry* verbose mode - [ newgeometry ] result:
* driver: pdftex
* paper: a4paper
* layout: <same size as paper>
* layoutoffset:(h,v)=(0.0pt,0.0pt)
* vratio: 5:6
* modes: twoside 
* h-part:(L,W,R)=(93.8031pt, 420.0pt, 83.70477pt)
* v-part:(T,H,B)=(96.02798pt, 633.78513pt, 115.23373pt)
* \paperwidth=597.50787pt
* \paperheight=845.04684pt
* \textwidth=420.0pt
* \textheight=633.78513pt
* \oddsidemargin=21.53311pt
* \evensidemargin=11.43478pt
* \topmargin=-12.1158pt
* \headheight=16.0pt
* \headsep=19.8738pt
* \topskip=11.0pt
* \footskip=27.46295pt
* \marginparwidth=90.70477pt
* \marginparsep=10.0pt
* \columnsep=30.0pt
* \skip\footins=10.0pt plus 4.0pt minus 2.0pt
* \hoffset=0.0pt
* \voffset=0.0pt
* \mag=1000
* \@twocolumnfalse
* \@twosidetrue
* \@mparswitchtrue
* \@reversemarginfalse
* (1in=72.27pt=25.4mm, 1cm=28.453pt)

 [3


] [4

] (ctuman.toc)
\tf@toc=\write5
\openout5 = `ctuman.toc'.

 [5


] (ctuman.lof)
\tf@lof=\write6
\openout6 = `ctuman.lof'.

 (ctuman.lot)
\tf@lot=\write7
\openout7 = `ctuman.lot'.


[6

]
*geometry* verbose mode - [ newgeometry ] result:
* driver: pdftex
* paper: a4paper
* layout: <same size as paper>
* layoutoffset:(h,v)=(0.0pt,0.0pt)
* vratio: 5:6
* modes: twoside 
* h-part:(L,W,R)=(93.8031pt, 363.0pt, 140.70477pt)
* v-part:(T,H,B)=(96.02798pt, 633.78513pt, 115.23373pt)
* \paperwidth=597.50787pt
* \paperheight=845.04684pt
* \textwidth=363.0pt
* \textheight=633.78513pt
* \oddsidemargin=21.53311pt
* \evensidemargin=68.43478pt
* \topmargin=-12.1158pt
* \headheight=16.0pt
* \headsep=19.8738pt
* \topskip=11.0pt
* \footskip=27.46295pt
* \marginparwidth=90.70477pt
* \marginparsep=10.0pt
* \columnsep=10.0pt
* \skip\footins=10.0pt plus 4.0pt minus 2.0pt
* \hoffset=0.0pt
* \voffset=0.0pt
* \mag=1000
* \@twocolumnfalse
* \@twosidetrue
* \@mparswitchtrue
* \@reversemarginfalse
* (1in=72.27pt=25.4mm, 1cm=28.453pt)


Chapter 1.

LaTeX Warning: Reference `chap:rm' on page 1 undefined on input line 178.


Package hyperref Warning: The anchor of a bookmark and its parent's must not
(hyperref)                be the same. Added a new anchor on input line 183.

LaTeX Font Info:    External font `lmex10' loaded for size
(Font)              <9> on input line 187.
LaTeX Font Info:    External font `lmex10' loaded for size
(Font)              <5> on input line 187.
[1





]
LaTeX Font Info:    Font shape `T1/lmss/m/it' in size <10.95> not available
(Font)              Font shape `T1/lmss/m/sl' tried instead on input line 200.
 [2]
Chapter 2.
[3

] ("C:\Users\juanr\AppData\Local\Programs\MiKTeX 2.9\tex/latex/base\cp1250.def"
File: cp1250.def 2018/08/11 v1.3c Input encoding file
)
runsystem(iconv -fUTF8 -tCP1250 <ctuman-mwe.tex >ctuman-mwe-cp1250.tex)...disab
led (restricted).

 (ctuman-mwe-cp1250.tex [4])
LaTeX Font Info:    Font shape `T1/lmtt/bx/n' in size <10.95> not available
(Font)              Font shape `T1/lmtt/b/n' tried instead on input line 295.
 [5]

LaTeX Warning: Marginpar on page 6 moved.


LaTeX Warning: Marginpar on page 6 moved.


LaTeX Warning: Marginpar on page 6 moved.

[6] [7]

LaTeX Warning: Reference `sect:biblio' on page 8 undefined on input line 469.


LaTeX Warning: Reference `ch:ta' on page 8 undefined on input line 525.

[8]
Package microtype Info: Character `029' is missing
(microtype)             in font `T1/lmr/m/sc/10.95'.
(microtype)             Ignoring protrusion settings for this character.
 [9] (ctuman-notation.tex) [10]
Overfull \hbox (1.42148pt too wide) in paragraph at lines 691--692
[][][][][][][][][][][][][][][][][][][][] 
 []

[11] [12]
Chapter 3.
No file ctuman.ind.
[13

]
Package atveryend Info: Empty hook `BeforeClearDocument' on input line 757.
Package atveryend Info: Empty hook `AfterLastShipout' on input line 757.
 (ctuman.aux)
Package atveryend Info: Executing hook `AtVeryEndDocument' on input line 757.
Package atveryend Info: Executing hook `AtEndAfterFileList' on input line 757.
Package rerunfilecheck Info: File `ctuman.out' has not changed.
(rerunfilecheck)             Checksum: 740B769DCBAE3F89A150D3FAAE78FDBB;1441.


LaTeX Warning: There were undefined references.

Package atveryend Info: Empty hook `AtVeryVeryEnd' on input line 757.
 ) 
Here is how much of TeX's memory you used:
 25314 strings out of 492895
 442134 string characters out of 3123735
 581784 words of memory out of 3000000
 28597 multiletter control sequences out of 15000+200000
 647009 words of font info for 162 fonts, out of 3000000 for 9000
 1141 hyphenation exceptions out of 8191
 48i,20n,61p,606b,2206s stack positions out of 5000i,500n,10000p,200000b,50000s
{C:/Users/juanr/AppData/Local/Programs/MiKTeX 2.9/fonts/enc/dvips/lm/lm-ec.en
c}<C:/Users/juanr/AppData/Local/Programs/MiKTeX 2.9/fonts/type1/public/lm/lmbx1
0.pfb><C:/Users/juanr/AppData/Local/Programs/MiKTeX 2.9/fonts/type1/public/lm/l
mcsc10.pfb><C:/Users/juanr/AppData/Local/Programs/MiKTeX 2.9/fonts/type1/public
/lm/lmr10.pfb><C:/Users/juanr/AppData/Local/Programs/MiKTeX 2.9/fonts/type1/pub
lic/lm/lmr6.pfb><C:/Users/juanr/AppData/Local/Programs/MiKTeX 2.9/fonts/type1/p
ublic/lm/lmr8.pfb><C:/Users/juanr/AppData/Local/Programs/MiKTeX 2.9/fonts/type1
/public/lm/lmr9.pfb><C:/Users/juanr/AppData/Local/Programs/MiKTeX 2.9/fonts/typ
e1/public/lm/lmri10.pfb><C:/Users/juanr/AppData/Local/Programs/MiKTeX 2.9/fonts
/type1/public/lm/lmss9.pfb><C:/Users/juanr/AppData/Local/Programs/MiKTeX 2.9/fo
nts/type1/public/lm/lmssbo10.pfb><C:/Users/juanr/AppData/Local/Programs/MiKTeX 
2.9/fonts/type1/public/lm/lmssbx10.pfb><C:/Users/juanr/AppData/Local/Programs/M
iKTeX 2.9/fonts/type1/public/lm/lmsso10.pfb><C:/Users/juanr/AppData/Local/Progr
ams/MiKTeX 2.9/fonts/type1/public/lm/lmtk10.pfb><C:/Users/juanr/AppData/Local/P
rograms/MiKTeX 2.9/fonts/type1/public/lm/lmtt10.pfb><C:/Users/juanr/AppData/Loc
al/Programs/MiKTeX 2.9/fonts/type1/public/amsfonts/symbols/msam10.pfb>
Output written on ctuman.pdf (19 pages, 413253 bytes).
PDF statistics:
 435 PDF objects out of 1000 (max. 8388607)
 174 named destinations out of 1000 (max. 500000)
 37542 words of extra memory for PDF output out of 42996 (max. 10000000)

