\BOOKMARK [0][-]{chapter*.1}{}{}% 1
\BOOKMARK [0][-]{chapter*.2}{Resumen}{}% 2
\BOOKMARK [0][-]{chapter*.3}{\315ndice}{}% 3
\BOOKMARK [0][-]{chapter.1}{Introducci\363n}{}% 4
\BOOKMARK [1][-]{section*.4}{Objetivo general}{chapter.1}% 5
\BOOKMARK [2][-]{section*.4}{Objetivos espec\355ficos del proyecto}{chapter.1}% 6
\BOOKMARK [1][-]{section*.4}{Introducci\363n}{chapter.1}% 7
\BOOKMARK [1][-]{figure.caption.10}{Actividades y Metodolog\355a}{chapter.1}% 8
\BOOKMARK [1][-]{figure.caption.10}{Factibilidad}{chapter.1}% 9
\BOOKMARK [0][-]{chapter.2}{Primer prototipo del equipo y caracterizaci\363n de los espectros de transmisi\363n}{}% 10
\BOOKMARK [0][-]{chapter.3}{Cuantificaci\363n de los defectos}{}% 11
\BOOKMARK [1][-]{section*.11}{Defecto de superficie de un componente \363ptico}{chapter.3}% 12
\BOOKMARK [1][-]{section*.11}{Adquisici\363n de las im\341genes del filtro}{chapter.3}% 13
\BOOKMARK [2][-]{section*.14}{Tile scan}{section*.11}% 14
\BOOKMARK [2][-]{section*.17}{Superficies y mapa de los defectos del filtro}{section*.11}% 15
\BOOKMARK [2][-]{section*.28}{Adquisici\363n de im\341genes individuales de cada banda espectral}{section*.11}% 16
\BOOKMARK [1][-]{figure.caption.29}{Pre-pocesamiento de las im\341genes de cada banda espectral }{chapter.3}% 17
\BOOKMARK [1][-]{section*.36}{Algoritmo de detecci\363n de los defectos}{chapter.3}% 18
\BOOKMARK [1][-]{Item.3}{Resultados del algoritmo de detecci\363n de los defectos}{chapter.3}% 19
\BOOKMARK [2][-]{section*.37}{Defectos de la banda NIR}{Item.3}% 20
\BOOKMARK [2][-]{figure.caption.39}{Defectos de la banda Roja}{Item.3}% 21
\BOOKMARK [0][-]{chapter.4}{Desarrollo XZStage y calibraci\363n - Desarrollo del software integrando el arduino con algoritmos asincr\363nicos}{}% 22
\BOOKMARK [0][-]{chapter.5}{Microespectr\363metro}{}% 23
\BOOKMARK [1][-]{section*.46}{Dise\361o \363ptico del microespectr\363metro}{chapter.5}% 24
\BOOKMARK [1][-]{section*.46}{Montaje y alineaci\363n preliminar del microespectr\363metro}{chapter.5}% 25
\BOOKMARK [1][-]{section*.46}{Foco y resoluci\363n espacial del microespectr\363metro}{chapter.5}% 26
\BOOKMARK [1][-]{figure.caption.55}{Integraci\363n de una c\341mara web}{chapter.5}% 27
\BOOKMARK [2][-]{section*.56}{Mapeando el espectr\363metro con la c\341mara}{figure.caption.55}% 28
\BOOKMARK [0][-]{chapter.6}{Conclusiones}{}% 29
\BOOKMARK [0][-]{chapter.7}{Trabajo a futuro}{}% 30
\BOOKMARK [0][-]{chapter*.57}{Referencias Bibliogr\341ficas}{}% 31
