This is pdfTeX, Version 3.14159265-2.6-1.40.21 (MiKTeX 2.9.7300 64-bit) (preloaded format=pdflatex 2020.3.21)  29 MAR 2020 12:40
entering extended mode
**./main.tex
(main.tex
LaTeX2e <2020-02-02> patch level 5
L3 programming layer <2020-03-06> (ctuthesis.cls
("C:\Users\juanr\AppData\Local\Programs\MiKTeX 2.9\tex/latex/l3kernel\expl3.sty
"
Package: expl3 2020-03-06 L3 programming layer (loader) 

("C:\Users\juanr\AppData\Local\Programs\MiKTeX 2.9\tex/latex/l3backend\l3backen
d-pdfmode.def"
File: l3backend-pdfmode.def 2020-03-12 L3 backend support: PDF mode
\l__kernel_color_stack_int=\count167
\l__pdf_internal_box=\box45
))
("C:\Users\juanr\AppData\Local\Programs\MiKTeX 2.9\tex/latex/l3packages/l3keys2
e\l3keys2e.sty"
Package: l3keys2e 2020-03-06 LaTeX2e option processing using LaTeX3 keys
)
("C:\Users\juanr\AppData\Local\Programs\MiKTeX 2.9\tex/latex/environ\environ.st
y"
Package: environ 2014/05/04 v0.3 A new way to define environments

("C:\Users\juanr\AppData\Local\Programs\MiKTeX 2.9\tex/latex/trimspaces\trimspa
ces.sty"
Package: trimspaces 2009/09/17 v1.1 Trim spaces around a token list
)
\@envbody=\toks15
)
("C:\Users\juanr\AppData\Local\Programs\MiKTeX 2.9\tex/latex/l3packages/xparse\
xparse.sty"
Package: xparse 2020-03-06 L3 Experimental document command parser
\l__xparse_current_arg_int=\count168
\g__xparse_grabber_int=\count169
\l__xparse_m_args_int=\count170
\l__xparse_v_nesting_int=\count171
)
("C:\Users\juanr\AppData\Local\Programs\MiKTeX 2.9\tex/latex/base\inputenc.sty"
Package: inputenc 2018/08/11 v1.3c Input encoding file
\inpenc@prehook=\toks16
\inpenc@posthook=\toks17
)
Document Class: ctuthesis 2016/06/15 v0.1 t1606152353 Class for typesetting CTU
 theses and alike
(ctuth-core.tex
File: ctuth-core.tex 2016/06/15 v0.1t1606152353 "Core" part of the class ctuthe
sis
\g_ctuthesis_tempa_skip=\skip47
)
("C:\Users\juanr\AppData\Local\Programs\MiKTeX 2.9\tex/latex/base\book.cls"
Document Class: book 2019/12/20 v1.4l Standard LaTeX document class
("C:\Users\juanr\AppData\Local\Programs\MiKTeX 2.9\tex/latex/base\bk11.clo"
File: bk11.clo 2019/12/20 v1.4l Standard LaTeX file (size option)
)
\c@part=\count172
\c@chapter=\count173
\c@section=\count174
\c@subsection=\count175
\c@subsubsection=\count176
\c@paragraph=\count177
\c@subparagraph=\count178
\c@figure=\count179
\c@table=\count180
\abovecaptionskip=\skip48
\belowcaptionskip=\skip49
\bibindent=\dimen134
)
(ctuth-names.tex
File: ctuthesis-names.def 2014/01/18 v0.1 "Names"partoftheclassctuthesis
))
("C:\Users\juanr\AppData\Local\Programs\MiKTeX 2.9\tex/latex/graphics\graphicx.
sty"
Package: graphicx 2019/11/30 v1.2a Enhanced LaTeX Graphics (DPC,SPQR)

("C:\Users\juanr\AppData\Local\Programs\MiKTeX 2.9\tex/latex/graphics\keyval.st
y"
Package: keyval 2014/10/28 v1.15 key=value parser (DPC)
\KV@toks@=\toks18
)
("C:\Users\juanr\AppData\Local\Programs\MiKTeX 2.9\tex/latex/graphics\graphics.
sty"
Package: graphics 2019/11/30 v1.4a Standard LaTeX Graphics (DPC,SPQR)

("C:\Users\juanr\AppData\Local\Programs\MiKTeX 2.9\tex/latex/graphics\trig.sty"
Package: trig 2016/01/03 v1.10 sin cos tan (DPC)
)
("C:\Users\juanr\AppData\Local\Programs\MiKTeX 2.9\tex/latex/graphics-cfg\graph
ics.cfg"
File: graphics.cfg 2016/06/04 v1.11 sample graphics configuration
)
Package graphics Info: Driver file: pdftex.def on input line 105.

("C:\Users\juanr\AppData\Local\Programs\MiKTeX 2.9\tex/latex/graphics-def\pdfte
x.def"
File: pdftex.def 2018/01/08 v1.0l Graphics/color driver for pdftex
))
\Gin@req@height=\dimen135
\Gin@req@width=\dimen136
)
("C:\Users\juanr\AppData\Local\Programs\MiKTeX 2.9\tex/latex/lipsum\lipsum.sty"
Package: lipsum 2019/01/02 v2.2 150 paragraphs of Lorem Ipsum dummy text

("C:\Users\juanr\AppData\Local\Programs\MiKTeX 2.9\tex/latex/lipsum\lipsum.ltd.
tex"
File: lipsum.ltd.tex 2019/01/02 v2.2 The Lorem ipsum dummy text
))
("C:\Users\juanr\AppData\Local\Programs\MiKTeX 2.9\tex/latex/floatrow\floatrow.
sty"
Package: floatrow 2008/08/02 v0.3b floatrow: float package extension

("C:\Users\juanr\AppData\Local\Programs\MiKTeX 2.9\tex/latex/caption\caption3.s
ty"
Package: caption3 2020/01/03 v1.8h caption3 kernel (AR)
Package caption3 Info: TeX engine: e-TeX on input line 61.
\captionmargin=\dimen137
\captionmargin@=\dimen138
\captionwidth=\dimen139
\caption@tempdima=\dimen140
\caption@indent=\dimen141
\caption@parindent=\dimen142
\caption@hangindent=\dimen143
Package caption Info: Standard document class detected.
)
\c@float@type=\count181
\float@exts=\toks19
\float@box=\box46
\@floatcapt=\box47
Package floatrow Info: Modified float package code loaded on input line 455.
Package floatrow Info: Modified rotfloat package code loaded on input line 473.

\FR@everyfloat=\toks20
\flrow@foot=\insert199
\FB@wd=\dimen144
\FBo@wd=\dimen145
\FBc@wd=\dimen146
\FBo@ht=\skip50
\FBc@ht=\skip51
\FBf@ht=\skip52
\FBo@max=\skip53
\FBc@max=\skip54
\FBf@max=\skip55
\c@FBl@b=\count182
\floatbox@depth=\count183
\c@FRobj=\count184
\c@FRsobj=\count185
\Xhsize=\skip56
\sXhsize=\skip57
\Zhsize=\skip58
\sZhsize=\skip59
\flrow@rowbox=\box48
\FR@Zunitlength=\dimen147
\c@FBcnt=\count186
\FPOScnt=\count187
\LTleft=\skip60
\LTright=\skip61
\LTleft=\skip62
\LTright=\skip63
\flrow@types=\toks21
) (xargs.sty
Package: xargs 2008/03/22 v1.1  extended macro definitions  (mpg)

("C:\Users\juanr\AppData\Local\Programs\MiKTeX 2.9\tex/latex/xkeyval\xkeyval.st
y"
Package: xkeyval 2014/12/03 v2.7a package option processing (HA)

("C:\Users\juanr\AppData\Local\Programs\MiKTeX 2.9\tex/generic/xkeyval\xkeyval.
tex"
("C:\Users\juanr\AppData\Local\Programs\MiKTeX 2.9\tex/generic/xkeyval\xkvutils
.tex"
\XKV@toks=\toks22
\XKV@tempa@toks=\toks23
)
\XKV@depth=\count188
File: xkeyval.tex 2014/12/03 v2.7a key=value parser (HA)
))
\xargs@max=\count189
\xargs@toksa=\toks24
\xargs@toksb=\toks25
)
("C:\Users\juanr\AppData\Local\Programs\MiKTeX 2.9\tex/latex/setspace\setspace.
sty"
Package: setspace 2011/12/19 v6.7a set line spacing
)
("C:\Users\juanr\AppData\Local\Programs\MiKTeX 2.9\tex/latex/xcolor\xcolor.sty"
Package: xcolor 2016/05/11 v2.12 LaTeX color extensions (UK)

("C:\Users\juanr\AppData\Local\Programs\MiKTeX 2.9\tex/latex/graphics-cfg\color
.cfg"
File: color.cfg 2016/01/02 v1.6 sample color configuration
)
Package xcolor Info: Package option `usenames' ignored on input line 216.
Package xcolor Info: Package option `nonamebreak' ignored on input line 216.
Package xcolor Info: Driver file: pdftex.def on input line 225.
Package xcolor Info: Model `cmy' substituted by `cmy0' on input line 1348.
Package xcolor Info: Model `hsb' substituted by `rgb' on input line 1352.
Package xcolor Info: Model `RGB' extended on input line 1364.
Package xcolor Info: Model `HTML' substituted by `rgb' on input line 1366.
Package xcolor Info: Model `Hsb' substituted by `hsb' on input line 1367.
Package xcolor Info: Model `tHsb' substituted by `hsb' on input line 1368.
Package xcolor Info: Model `HSB' substituted by `hsb' on input line 1369.
Package xcolor Info: Model `Gray' substituted by `gray' on input line 1370.
Package xcolor Info: Model `wave' substituted by `hsb' on input line 1371.

("C:\Users\juanr\AppData\Local\Programs\MiKTeX 2.9\tex/latex/graphics\dvipsnam.
def"
File: dvipsnam.def 2016/06/17 v3.0m Driver-dependent file (DPC,SPQR)
)) (todonotes.sty
Package: todonotes 2012/07/25 .dtx Todonotes source and documentation.
Package: todonotes 2012/07/25

("C:\Users\juanr\AppData\Local\Programs\MiKTeX 2.9\tex/latex/base\ifthen.sty"
Package: ifthen 2014/09/29 v1.1c Standard LaTeX ifthen package (DPC)
)
("C:\Users\juanr\AppData\Local\Programs\MiKTeX 2.9\tex/latex/pgf/frontendlayer\
tikz.sty"
("C:\Users\juanr\AppData\Local\Programs\MiKTeX 2.9\tex/latex/pgf/basiclayer\pgf
.sty"
("C:\Users\juanr\AppData\Local\Programs\MiKTeX 2.9\tex/latex/pgf/utilities\pgfr
cs.sty"
("C:\Users\juanr\AppData\Local\Programs\MiKTeX 2.9\tex/generic/pgf/utilities\pg
futil-common.tex"
\pgfutil@everybye=\toks26
\pgfutil@tempdima=\dimen148
\pgfutil@tempdimb=\dimen149

("C:\Users\juanr\AppData\Local\Programs\MiKTeX 2.9\tex/generic/pgf/utilities\pg
futil-common-lists.tex"))
("C:\Users\juanr\AppData\Local\Programs\MiKTeX 2.9\tex/generic/pgf/utilities\pg
futil-latex.def"
\pgfutil@abb=\box49

("C:\Users\juanr\AppData\Local\Programs\MiKTeX 2.9\tex/latex/ms\everyshi.sty"
Package: everyshi 2001/05/15 v3.00 EveryShipout Package (MS)
))
("C:\Users\juanr\AppData\Local\Programs\MiKTeX 2.9\tex/generic/pgf/utilities\pg
frcs.code.tex"
("C:\Users\juanr\AppData\Local\Programs\MiKTeX 2.9\tex/generic/pgf\pgf.revision
.tex")
Package: pgfrcs 2020/01/08 v3.1.5b (3.1.5b)
))
Package: pgf 2020/01/08 v3.1.5b (3.1.5b)

("C:\Users\juanr\AppData\Local\Programs\MiKTeX 2.9\tex/latex/pgf/basiclayer\pgf
core.sty"
("C:\Users\juanr\AppData\Local\Programs\MiKTeX 2.9\tex/latex/pgf/systemlayer\pg
fsys.sty"
("C:\Users\juanr\AppData\Local\Programs\MiKTeX 2.9\tex/generic/pgf/systemlayer\
pgfsys.code.tex"
Package: pgfsys 2020/01/08 v3.1.5b (3.1.5b)

("C:\Users\juanr\AppData\Local\Programs\MiKTeX 2.9\tex/generic/pgf/utilities\pg
fkeys.code.tex"
\pgfkeys@pathtoks=\toks27
\pgfkeys@temptoks=\toks28

("C:\Users\juanr\AppData\Local\Programs\MiKTeX 2.9\tex/generic/pgf/utilities\pg
fkeysfiltered.code.tex"
\pgfkeys@tmptoks=\toks29
))
\pgf@x=\dimen150
\pgf@y=\dimen151
\pgf@xa=\dimen152
\pgf@ya=\dimen153
\pgf@xb=\dimen154
\pgf@yb=\dimen155
\pgf@xc=\dimen156
\pgf@yc=\dimen157
\pgf@xd=\dimen158
\pgf@yd=\dimen159
\w@pgf@writea=\write3
\r@pgf@reada=\read2
\c@pgf@counta=\count190
\c@pgf@countb=\count191
\c@pgf@countc=\count192
\c@pgf@countd=\count193
\t@pgf@toka=\toks30
\t@pgf@tokb=\toks31
\t@pgf@tokc=\toks32
\pgf@sys@id@count=\count194

("C:\Users\juanr\AppData\Local\Programs\MiKTeX 2.9\tex/generic/pgf/systemlayer\
pgf.cfg"
File: pgf.cfg 2020/01/08 v3.1.5b (3.1.5b)
)
Driver file for pgf: pgfsys-pdftex.def

("C:\Users\juanr\AppData\Local\Programs\MiKTeX 2.9\tex/generic/pgf/systemlayer\
pgfsys-pdftex.def"
File: pgfsys-pdftex.def 2020/01/08 v3.1.5b (3.1.5b)

("C:\Users\juanr\AppData\Local\Programs\MiKTeX 2.9\tex/generic/pgf/systemlayer\
pgfsys-common-pdf.def"
File: pgfsys-common-pdf.def 2020/01/08 v3.1.5b (3.1.5b)
)))
("C:\Users\juanr\AppData\Local\Programs\MiKTeX 2.9\tex/generic/pgf/systemlayer\
pgfsyssoftpath.code.tex"
File: pgfsyssoftpath.code.tex 2020/01/08 v3.1.5b (3.1.5b)
\pgfsyssoftpath@smallbuffer@items=\count195
\pgfsyssoftpath@bigbuffer@items=\count196
)
("C:\Users\juanr\AppData\Local\Programs\MiKTeX 2.9\tex/generic/pgf/systemlayer\
pgfsysprotocol.code.tex"
File: pgfsysprotocol.code.tex 2020/01/08 v3.1.5b (3.1.5b)
))
("C:\Users\juanr\AppData\Local\Programs\MiKTeX 2.9\tex/generic/pgf/basiclayer\p
gfcore.code.tex"
Package: pgfcore 2020/01/08 v3.1.5b (3.1.5b)

("C:\Users\juanr\AppData\Local\Programs\MiKTeX 2.9\tex/generic/pgf/math\pgfmath
.code.tex"
("C:\Users\juanr\AppData\Local\Programs\MiKTeX 2.9\tex/generic/pgf/math\pgfmath
calc.code.tex"
("C:\Users\juanr\AppData\Local\Programs\MiKTeX 2.9\tex/generic/pgf/math\pgfmath
util.code.tex")
("C:\Users\juanr\AppData\Local\Programs\MiKTeX 2.9\tex/generic/pgf/math\pgfmath
parser.code.tex"
\pgfmath@dimen=\dimen160
\pgfmath@count=\count197
\pgfmath@box=\box50
\pgfmath@toks=\toks33
\pgfmath@stack@operand=\toks34
\pgfmath@stack@operation=\toks35
)
("C:\Users\juanr\AppData\Local\Programs\MiKTeX 2.9\tex/generic/pgf/math\pgfmath
functions.code.tex"
("C:\Users\juanr\AppData\Local\Programs\MiKTeX 2.9\tex/generic/pgf/math\pgfmath
functions.basic.code.tex")
("C:\Users\juanr\AppData\Local\Programs\MiKTeX 2.9\tex/generic/pgf/math\pgfmath
functions.trigonometric.code.tex")
("C:\Users\juanr\AppData\Local\Programs\MiKTeX 2.9\tex/generic/pgf/math\pgfmath
functions.random.code.tex")
("C:\Users\juanr\AppData\Local\Programs\MiKTeX 2.9\tex/generic/pgf/math\pgfmath
functions.comparison.code.tex")
("C:\Users\juanr\AppData\Local\Programs\MiKTeX 2.9\tex/generic/pgf/math\pgfmath
functions.base.code.tex")
("C:\Users\juanr\AppData\Local\Programs\MiKTeX 2.9\tex/generic/pgf/math\pgfmath
functions.round.code.tex")
("C:\Users\juanr\AppData\Local\Programs\MiKTeX 2.9\tex/generic/pgf/math\pgfmath
functions.misc.code.tex")
("C:\Users\juanr\AppData\Local\Programs\MiKTeX 2.9\tex/generic/pgf/math\pgfmath
functions.integerarithmetics.code.tex")))
("C:\Users\juanr\AppData\Local\Programs\MiKTeX 2.9\tex/generic/pgf/math\pgfmath
float.code.tex"
\c@pgfmathroundto@lastzeros=\count198
))
("C:\Users\juanr\AppData\Local\Programs\MiKTeX 2.9\tex/generic/pgf/math\pgfint.
code.tex")
("C:\Users\juanr\AppData\Local\Programs\MiKTeX 2.9\tex/generic/pgf/basiclayer\p
gfcorepoints.code.tex"
File: pgfcorepoints.code.tex 2020/01/08 v3.1.5b (3.1.5b)
\pgf@picminx=\dimen161
\pgf@picmaxx=\dimen162
\pgf@picminy=\dimen163
\pgf@picmaxy=\dimen164
\pgf@pathminx=\dimen165
\pgf@pathmaxx=\dimen166
\pgf@pathminy=\dimen167
\pgf@pathmaxy=\dimen168
\pgf@xx=\dimen169
\pgf@xy=\dimen170
\pgf@yx=\dimen171
\pgf@yy=\dimen172
\pgf@zx=\dimen173
\pgf@zy=\dimen174
)
("C:\Users\juanr\AppData\Local\Programs\MiKTeX 2.9\tex/generic/pgf/basiclayer\p
gfcorepathconstruct.code.tex"
File: pgfcorepathconstruct.code.tex 2020/01/08 v3.1.5b (3.1.5b)
\pgf@path@lastx=\dimen175
\pgf@path@lasty=\dimen176
)
("C:\Users\juanr\AppData\Local\Programs\MiKTeX 2.9\tex/generic/pgf/basiclayer\p
gfcorepathusage.code.tex"
File: pgfcorepathusage.code.tex 2020/01/08 v3.1.5b (3.1.5b)
\pgf@shorten@end@additional=\dimen177
\pgf@shorten@start@additional=\dimen178
)
("C:\Users\juanr\AppData\Local\Programs\MiKTeX 2.9\tex/generic/pgf/basiclayer\p
gfcorescopes.code.tex"
File: pgfcorescopes.code.tex 2020/01/08 v3.1.5b (3.1.5b)
\pgfpic=\box51
\pgf@hbox=\box52
\pgf@layerbox@main=\box53
\pgf@picture@serial@count=\count266
)
("C:\Users\juanr\AppData\Local\Programs\MiKTeX 2.9\tex/generic/pgf/basiclayer\p
gfcoregraphicstate.code.tex"
File: pgfcoregraphicstate.code.tex 2020/01/08 v3.1.5b (3.1.5b)
\pgflinewidth=\dimen179
)
("C:\Users\juanr\AppData\Local\Programs\MiKTeX 2.9\tex/generic/pgf/basiclayer\p
gfcoretransformations.code.tex"
File: pgfcoretransformations.code.tex 2020/01/08 v3.1.5b (3.1.5b)
\pgf@pt@x=\dimen180
\pgf@pt@y=\dimen181
\pgf@pt@temp=\dimen182
)
("C:\Users\juanr\AppData\Local\Programs\MiKTeX 2.9\tex/generic/pgf/basiclayer\p
gfcorequick.code.tex"
File: pgfcorequick.code.tex 2020/01/08 v3.1.5b (3.1.5b)
)
("C:\Users\juanr\AppData\Local\Programs\MiKTeX 2.9\tex/generic/pgf/basiclayer\p
gfcoreobjects.code.tex"
File: pgfcoreobjects.code.tex 2020/01/08 v3.1.5b (3.1.5b)
)
("C:\Users\juanr\AppData\Local\Programs\MiKTeX 2.9\tex/generic/pgf/basiclayer\p
gfcorepathprocessing.code.tex"
File: pgfcorepathprocessing.code.tex 2020/01/08 v3.1.5b (3.1.5b)
)
("C:\Users\juanr\AppData\Local\Programs\MiKTeX 2.9\tex/generic/pgf/basiclayer\p
gfcorearrows.code.tex"
File: pgfcorearrows.code.tex 2020/01/08 v3.1.5b (3.1.5b)
\pgfarrowsep=\dimen183
)
("C:\Users\juanr\AppData\Local\Programs\MiKTeX 2.9\tex/generic/pgf/basiclayer\p
gfcoreshade.code.tex"
File: pgfcoreshade.code.tex 2020/01/08 v3.1.5b (3.1.5b)
\pgf@max=\dimen184
\pgf@sys@shading@range@num=\count267
\pgf@shadingcount=\count268
)
("C:\Users\juanr\AppData\Local\Programs\MiKTeX 2.9\tex/generic/pgf/basiclayer\p
gfcoreimage.code.tex"
File: pgfcoreimage.code.tex 2020/01/08 v3.1.5b (3.1.5b)

("C:\Users\juanr\AppData\Local\Programs\MiKTeX 2.9\tex/generic/pgf/basiclayer\p
gfcoreexternal.code.tex"
File: pgfcoreexternal.code.tex 2020/01/08 v3.1.5b (3.1.5b)
\pgfexternal@startupbox=\box54
))
("C:\Users\juanr\AppData\Local\Programs\MiKTeX 2.9\tex/generic/pgf/basiclayer\p
gfcorelayers.code.tex"
File: pgfcorelayers.code.tex 2020/01/08 v3.1.5b (3.1.5b)
)
("C:\Users\juanr\AppData\Local\Programs\MiKTeX 2.9\tex/generic/pgf/basiclayer\p
gfcoretransparency.code.tex"
File: pgfcoretransparency.code.tex 2020/01/08 v3.1.5b (3.1.5b)
)
("C:\Users\juanr\AppData\Local\Programs\MiKTeX 2.9\tex/generic/pgf/basiclayer\p
gfcorepatterns.code.tex"
File: pgfcorepatterns.code.tex 2020/01/08 v3.1.5b (3.1.5b)
)
("C:\Users\juanr\AppData\Local\Programs\MiKTeX 2.9\tex/generic/pgf/basiclayer\p
gfcorerdf.code.tex"
File: pgfcorerdf.code.tex 2020/01/08 v3.1.5b (3.1.5b)
)))
("C:\Users\juanr\AppData\Local\Programs\MiKTeX 2.9\tex/generic/pgf/modules\pgfm
oduleshapes.code.tex"
File: pgfmoduleshapes.code.tex 2020/01/08 v3.1.5b (3.1.5b)
\pgfnodeparttextbox=\box55
)
("C:\Users\juanr\AppData\Local\Programs\MiKTeX 2.9\tex/generic/pgf/modules\pgfm
oduleplot.code.tex"
File: pgfmoduleplot.code.tex 2020/01/08 v3.1.5b (3.1.5b)
)
("C:\Users\juanr\AppData\Local\Programs\MiKTeX 2.9\tex/latex/pgf/compatibility\
pgfcomp-version-0-65.sty"
Package: pgfcomp-version-0-65 2020/01/08 v3.1.5b (3.1.5b)
\pgf@nodesepstart=\dimen185
\pgf@nodesepend=\dimen186
)
("C:\Users\juanr\AppData\Local\Programs\MiKTeX 2.9\tex/latex/pgf/compatibility\
pgfcomp-version-1-18.sty"
Package: pgfcomp-version-1-18 2020/01/08 v3.1.5b (3.1.5b)
))
("C:\Users\juanr\AppData\Local\Programs\MiKTeX 2.9\tex/latex/pgf/utilities\pgff
or.sty"
("C:\Users\juanr\AppData\Local\Programs\MiKTeX 2.9\tex/latex/pgf/utilities\pgfk
eys.sty"
("C:\Users\juanr\AppData\Local\Programs\MiKTeX 2.9\tex/generic/pgf/utilities\pg
fkeys.code.tex"))
("C:\Users\juanr\AppData\Local\Programs\MiKTeX 2.9\tex/latex/pgf/math\pgfmath.s
ty"
("C:\Users\juanr\AppData\Local\Programs\MiKTeX 2.9\tex/generic/pgf/math\pgfmath
.code.tex"))
("C:\Users\juanr\AppData\Local\Programs\MiKTeX 2.9\tex/generic/pgf/utilities\pg
ffor.code.tex"
Package: pgffor 2020/01/08 v3.1.5b (3.1.5b)

("C:\Users\juanr\AppData\Local\Programs\MiKTeX 2.9\tex/generic/pgf/math\pgfmath
.code.tex")
\pgffor@iter=\dimen187
\pgffor@skip=\dimen188
\pgffor@stack=\toks36
\pgffor@toks=\toks37
))
("C:\Users\juanr\AppData\Local\Programs\MiKTeX 2.9\tex/generic/pgf/frontendlaye
r/tikz\tikz.code.tex"
Package: tikz 2020/01/08 v3.1.5b (3.1.5b)

("C:\Users\juanr\AppData\Local\Programs\MiKTeX 2.9\tex/generic/pgf/libraries\pg
flibraryplothandlers.code.tex"
File: pgflibraryplothandlers.code.tex 2020/01/08 v3.1.5b (3.1.5b)
\pgf@plot@mark@count=\count269
\pgfplotmarksize=\dimen189
)
\tikz@lastx=\dimen190
\tikz@lasty=\dimen191
\tikz@lastxsaved=\dimen192
\tikz@lastysaved=\dimen193
\tikz@lastmovetox=\dimen194
\tikz@lastmovetoy=\dimen195
\tikzleveldistance=\dimen196
\tikzsiblingdistance=\dimen197
\tikz@figbox=\box56
\tikz@figbox@bg=\box57
\tikz@tempbox=\box58
\tikz@tempbox@bg=\box59
\tikztreelevel=\count270
\tikznumberofchildren=\count271
\tikznumberofcurrentchild=\count272
\tikz@fig@count=\count273

("C:\Users\juanr\AppData\Local\Programs\MiKTeX 2.9\tex/generic/pgf/modules\pgfm
odulematrix.code.tex"
File: pgfmodulematrix.code.tex 2020/01/08 v3.1.5b (3.1.5b)
\pgfmatrixcurrentrow=\count274
\pgfmatrixcurrentcolumn=\count275
\pgf@matrix@numberofcolumns=\count276
)
\tikz@expandcount=\count277

("C:\Users\juanr\AppData\Local\Programs\MiKTeX 2.9\tex/generic/pgf/frontendlaye
r/tikz/libraries\tikzlibrarytopaths.code.tex"
File: tikzlibrarytopaths.code.tex 2020/01/08 v3.1.5b (3.1.5b)
)))
("C:\Users\juanr\AppData\Local\Programs\MiKTeX 2.9\tex/generic/pgf/frontendlaye
r/tikz/libraries\tikzlibrarypositioning.code.tex"
File: tikzlibrarypositioning.code.tex 2020/01/08 v3.1.5b (3.1.5b)
)
("C:\Users\juanr\AppData\Local\Programs\MiKTeX 2.9\tex/latex/tools\calc.sty"
Package: calc 2017/05/25 v4.3 Infix arithmetic (KKT,FJ)
\calc@Acount=\count278
\calc@Bcount=\count279
\calc@Adimen=\dimen198
\calc@Bdimen=\dimen256
\calc@Askip=\skip64
\calc@Bskip=\skip65
LaTeX Info: Redefining \setlength on input line 80.
LaTeX Info: Redefining \addtolength on input line 81.
\calc@Ccount=\count280
\calc@Cskip=\skip66
)
\c@@todonotes@numberoftodonotes=\count281
)
("C:\Users\juanr\AppData\Local\Programs\MiKTeX 2.9\tex/latex/subfig\subfig.sty"
Package: subfig 2005/06/28 ver: 1.3 subfig package

("C:\Users\juanr\AppData\Local\Programs\MiKTeX 2.9\tex/latex/caption\caption.st
y"
Package: caption 2020/01/03 v3.4h Customizing captions (AR)
\c@caption@flags=\count282
\c@continuedfloat=\count283
Package caption Info: float package is loaded.
Package caption Info: floatrow package is loaded.
)
\c@KVtest=\count284
\sf@farskip=\skip67
\sf@captopadj=\dimen257
\sf@capskip=\skip68
\sf@nearskip=\skip69
\c@subfigure=\count285
\c@subfigure@save=\count286
\c@lofdepth=\count287
\c@subtable=\count288
\c@subtable@save=\count289
\c@lotdepth=\count290
\sf@top=\skip70
\sf@bottom=\skip71
)
("C:\Users\juanr\AppData\Local\Programs\MiKTeX 2.9\tex/latex/tools\multicol.sty
"
Package: multicol 2019/12/09 v1.8y multicolumn formatting (FMi)
\c@tracingmulticols=\count291
\mult@box=\box60
\multicol@leftmargin=\dimen258
\c@unbalance=\count292
\c@collectmore=\count293
\doublecol@number=\count294
\multicoltolerance=\count295
\multicolpretolerance=\count296
\full@width=\dimen259
\page@free=\dimen260
\premulticols=\dimen261
\postmulticols=\dimen262
\multicolsep=\skip72
\multicolbaselineskip=\skip73
\partial@page=\box61
\last@line=\box62
\maxbalancingoverflow=\dimen263
\mult@rightbox=\box63
\mult@grightbox=\box64
\mult@gfirstbox=\box65
\mult@firstbox=\box66
\@tempa=\box67
\@tempa=\box68
\@tempa=\box69
\@tempa=\box70
\@tempa=\box71
\@tempa=\box72
\@tempa=\box73
\@tempa=\box74
\@tempa=\box75
\@tempa=\box76
\@tempa=\box77
\@tempa=\box78
\@tempa=\box79
\@tempa=\box80
\@tempa=\box81
\@tempa=\box82
\@tempa=\box83
\@tempa=\box84
\@tempa=\box85
\@tempa=\box86
\@tempa=\box87
\@tempa=\box88
\@tempa=\box89
\@tempa=\box90
\@tempa=\box91
\@tempa=\box92
\@tempa=\box93
\@tempa=\box94
\@tempa=\box95
\@tempa=\box96
\@tempa=\box97
\@tempa=\box98
\@tempa=\box99
\@tempa=\box100
\@tempa=\box101
\@tempa=\box102
\@tempa=\box103
\c@minrows=\count297
\c@columnbadness=\count298
\c@finalcolumnbadness=\count299
\last@try=\dimen264
\multicolovershoot=\dimen265
\multicolundershoot=\dimen266
\mult@nat@firstbox=\box104
\colbreak@box=\box105
\mc@col@check@num=\count300
)
("C:\Users\juanr\AppData\Local\Programs\MiKTeX 2.9\tex/latex/tcolorbox\tcolorbo
x.sty"
Package: tcolorbox 2019/11/15 version 4.22 text color boxes

("C:\Users\juanr\AppData\Local\Programs\MiKTeX 2.9\tex/latex/tools\verbatim.sty
"
Package: verbatim 2019/11/10 v1.5r LaTeX2e package for verbatim enhancements
\every@verbatim=\toks38
\verbatim@line=\toks39
\verbatim@in@stream=\read3
)
("C:\Users\juanr\AppData\Local\Programs\MiKTeX 2.9\tex/latex/etoolbox\etoolbox.
sty"
Package: etoolbox 2019/09/21 v2.5h e-TeX tools for LaTeX (JAW)
\etb@tempcnta=\count301
)
\tcb@titlebox=\box106
\tcb@upperbox=\box107
\tcb@lowerbox=\box108
\tcb@phantombox=\box109
\c@tcbbreakpart=\count302
\c@tcblayer=\count303
\tcolorbox@number=\count304
\tcb@temp=\box110
\tcb@temp=\box111
\tcb@temp=\box112
\tcb@temp=\box113
\tcb@out=\write4
\tcb@record@out=\write5
)
("C:\Users\juanr\AppData\Local\Programs\MiKTeX 2.9\tex/latex/tools\tabularx.sty
"
Package: tabularx 2020/01/15 v2.11c `tabularx' package (DPC)
 ("C:\Users\juanr\AppData\Local\Programs\MiKTeX 2.9\tex/latex/tools\array.sty"
Package: array 2019/08/31 v2.4l Tabular extension package (FMi)
\col@sep=\dimen267
\ar@mcellbox=\box114
\extrarowheight=\dimen268
\NC@list=\toks40
\extratabsurround=\skip74
\backup@length=\skip75
\ar@cellbox=\box115
)
\TX@col@width=\dimen269
\TX@old@table=\dimen270
\TX@old@col=\dimen271
\TX@target=\dimen272
\TX@delta=\dimen273
\TX@cols=\count305
\TX@ftn=\toks41
)
("C:\Users\juanr\AppData\Local\Programs\MiKTeX 2.9\tex/latex/fontawesome5\fonta
wesome5.sty"
Package: fontawesome5 2020/01/17 v5.12.0.1 Font Awesome 5

("C:\Users\juanr\AppData\Local\Programs\MiKTeX 2.9\tex/latex/fontawesome5\fonta
wesome5-generic-helper.sty"
Package: fontawesome5-generic-helper 2020/01/17 v5.12.0.1 non-uTeX helper for f
ontawesome5

("C:\Users\juanr\AppData\Local\Programs\MiKTeX 2.9\tex/latex/fontawesome5\fonta
wesome5-mapping.def")))
("C:\Users\juanr\AppData\Local\Programs\MiKTeX 2.9\tex/latex/colortbl\colortbl.
sty"
Package: colortbl 2020/01/04 v1.0e Color table columns (DPC)
\everycr=\toks42
\minrowclearance=\skip76
)
("C:\Users\juanr\AppData\Local\Programs\MiKTeX 2.9\tex/latex/tcolorbox\tcbskins
.code.tex"
Library (tcolorbox): 'tcbskins.code.tex' version '4.22'
\tcb@waterbox=\box116

("C:\Users\juanr\AppData\Local\Programs\MiKTeX 2.9\tex/latex/tcolorbox\tcbskins
jigsaw.code.tex"
Library (tcolorbox): 'tcbskinsjigsaw.code.tex' version '4.22'
)) (ctuth-pkg.tex
File: ctuth-pkg.tex 2016/06/15 v0.1t1606152353 "Packages" part of the class ctu
thesis

("C:\Users\juanr\AppData\Local\Programs\MiKTeX 2.9\tex/latex/lm\lmodern.sty"
Package: lmodern 2009/10/30 v1.6 Latin Modern Fonts
LaTeX Font Info:    Overwriting symbol font `operators' in version `normal'
(Font)                  OT1/cmr/m/n --> OT1/lmr/m/n on input line 22.
LaTeX Font Info:    Overwriting symbol font `letters' in version `normal'
(Font)                  OML/cmm/m/it --> OML/lmm/m/it on input line 23.
LaTeX Font Info:    Overwriting symbol font `symbols' in version `normal'
(Font)                  OMS/cmsy/m/n --> OMS/lmsy/m/n on input line 24.
LaTeX Font Info:    Overwriting symbol font `largesymbols' in version `normal'
(Font)                  OMX/cmex/m/n --> OMX/lmex/m/n on input line 25.
LaTeX Font Info:    Overwriting symbol font `operators' in version `bold'
(Font)                  OT1/cmr/bx/n --> OT1/lmr/bx/n on input line 26.
LaTeX Font Info:    Overwriting symbol font `letters' in version `bold'
(Font)                  OML/cmm/b/it --> OML/lmm/b/it on input line 27.
LaTeX Font Info:    Overwriting symbol font `symbols' in version `bold'
(Font)                  OMS/cmsy/b/n --> OMS/lmsy/b/n on input line 28.
LaTeX Font Info:    Overwriting symbol font `largesymbols' in version `bold'
(Font)                  OMX/cmex/m/n --> OMX/lmex/m/n on input line 29.
LaTeX Font Info:    Overwriting math alphabet `\mathbf' in version `normal'
(Font)                  OT1/cmr/bx/n --> OT1/lmr/bx/n on input line 31.
LaTeX Font Info:    Overwriting math alphabet `\mathsf' in version `normal'
(Font)                  OT1/cmss/m/n --> OT1/lmss/m/n on input line 32.
LaTeX Font Info:    Overwriting math alphabet `\mathit' in version `normal'
(Font)                  OT1/cmr/m/it --> OT1/lmr/m/it on input line 33.
LaTeX Font Info:    Overwriting math alphabet `\mathtt' in version `normal'
(Font)                  OT1/cmtt/m/n --> OT1/lmtt/m/n on input line 34.
LaTeX Font Info:    Overwriting math alphabet `\mathbf' in version `bold'
(Font)                  OT1/cmr/bx/n --> OT1/lmr/bx/n on input line 35.
LaTeX Font Info:    Overwriting math alphabet `\mathsf' in version `bold'
(Font)                  OT1/cmss/bx/n --> OT1/lmss/bx/n on input line 36.
LaTeX Font Info:    Overwriting math alphabet `\mathit' in version `bold'
(Font)                  OT1/cmr/bx/it --> OT1/lmr/bx/it on input line 37.
LaTeX Font Info:    Overwriting math alphabet `\mathtt' in version `bold'
(Font)                  OT1/cmtt/m/n --> OT1/lmtt/m/n on input line 38.
)
("C:\Users\juanr\AppData\Local\Programs\MiKTeX 2.9\tex/latex/base\fontenc.sty"
Package: fontenc 2020/02/11 v2.0o Standard LaTeX package
LaTeX Font Info:    Trying to load font information for T1+lmr on input line 11
2.

("C:\Users\juanr\AppData\Local\Programs\MiKTeX 2.9\tex/latex/lm\t1lmr.fd"
File: t1lmr.fd 2009/10/30 v1.6 Font defs for Latin Modern
))
("C:\Users\juanr\AppData\Local\Programs\MiKTeX 2.9\tex/latex/microtype\microtyp
e.sty"
Package: microtype 2019/11/18 v2.7d Micro-typographical refinements (RS)
\MT@toks=\toks43
\MT@count=\count306
LaTeX Info: Redefining \textls on input line 790.
\MT@outer@kern=\dimen274
LaTeX Info: Redefining \textmicrotypecontext on input line 1354.
\MT@listname@count=\count307

("C:\Users\juanr\AppData\Local\Programs\MiKTeX 2.9\tex/latex/microtype\microtyp
e-pdftex.def"
File: microtype-pdftex.def 2019/11/18 v2.7d Definitions specific to pdftex (RS)

LaTeX Info: Redefining \lsstyle on input line 914.
LaTeX Info: Redefining \lslig on input line 914.
\MT@outer@space=\skip77
)
Package microtype Info: Loading configuration file microtype.cfg.

("C:\Users\juanr\AppData\Local\Programs\MiKTeX 2.9\tex/latex/microtype\microtyp
e.cfg"
File: microtype.cfg 2019/11/18 v2.7d microtype main configuration file (RS)
))
("C:\Users\juanr\AppData\Local\Programs\MiKTeX 2.9\tex/latex/pdfpages\pdfpages.
sty"
Package: pdfpages 2020/01/28 v0.5q Insert pages of external PDF documents (AM)

("C:\Users\juanr\AppData\Local\Programs\MiKTeX 2.9\tex/latex/eso-pic\eso-pic.st
y"
Package: eso-pic 2018/04/12 v2.0h eso-pic (RN)

("C:\Users\juanr\AppData\Local\Programs\MiKTeX 2.9\tex/generic/atbegshi\atbegsh
i.sty"
Package: atbegshi 2019/12/05 v1.19 At begin shipout hook (HO)

("C:\Users\juanr\AppData\Local\Programs\MiKTeX 2.9\tex/generic/infwarerr\infwar
err.sty"
Package: infwarerr 2019/12/03 v1.5 Providing info/warning/error messages (HO)
)
("C:\Users\juanr\AppData\Local\Programs\MiKTeX 2.9\tex/generic/ltxcmds\ltxcmds.
sty"
Package: ltxcmds 2019/12/15 v1.24 LaTeX kernel commands for general use (HO)
)
("C:\Users\juanr\AppData\Local\Programs\MiKTeX 2.9\tex/generic/iftex\iftex.sty"
Package: iftex 2020/03/06 v1.0d TeX engine tests
)))
\AM@pagewidth=\dimen275
\AM@pageheight=\dimen276

("C:\Users\juanr\AppData\Local\Programs\MiKTeX 2.9\tex/latex/pdfpages\pppdftex.
def"
File: pppdftex.def 2020/01/28 v0.5q Pdfpages driver for pdfTeX (AM)
)
\AM@pagebox=\box117
\AM@global@opts=\toks44
\AM@pagecnt=\count308
\AM@toc@title=\toks45
\c@AM@survey=\count309
\AM@templatesizebox=\box118
)
("C:\Users\juanr\AppData\Local\Programs\MiKTeX 2.9\tex/generic/babel\babel.sty"
Package: babel 2020/02/28 3.41 The Babel package
("C:\Users\juanr\AppData\Local\Programs\MiKTeX 2.9\tex/generic/babel\switch.def
"
File: switch.def 2020/02/28 3.41 Babel switching mechanism
)
*************************************
* Local config file bblopts.cfg used
*
("C:\Users\juanr\AppData\Local\Programs\MiKTeX 2.9\tex/latex/arabi\bblopts.cfg"
File: bblopts.cfg 2005/09/08 v0.1 add Arabic and Farsi to "declared" options of
 babel
)
("C:\Users\juanr\AppData\Local\Programs\MiKTeX 2.9\tex/latex/babel-czech\czech.
ldf"
Language: czech 2008/07/06 v3.1a Czech support from the babel system

("C:\Users\juanr\AppData\Local\Programs\MiKTeX 2.9\tex/generic/babel\babel.def"
File: babel.def 2020/02/28 3.41 Babel common definitions
\babel@savecnt=\count310
\U@D=\dimen277

("C:\Users\juanr\AppData\Local\Programs\MiKTeX 2.9\tex/generic/babel\txtbabel.d
ef")
\bbl@readstream=\read4
\bbl@dirlevel=\count311
)
Package babel Info: Making " an active character on input line 172.
\cs@wordlen=\count312
Package babel Info: Making - an active character on input line 226.
)
("C:\Users\juanr\AppData\Local\Programs\MiKTeX 2.9\tex/latex/babel-english\engl
ish.ldf"
Language: english 2017/06/06 v3.3r English support from the babel system
Package babel Info: \l@canadian = using hyphenrules for english
(babel)             (\language0) on input line 102.
Package babel Info: \l@australian = using hyphenrules for ukenglish
(babel)             (\language76) on input line 105.
Package babel Info: \l@newzealand = using hyphenrules for ukenglish
(babel)             (\language76) on input line 108.
)
("C:\Users\juanr\AppData\Local\Programs\MiKTeX 2.9\tex/latex/babel-czech\czech.
ldf"
Language: czech 2008/07/06 v3.1a Czech support from the babel system
))
\g_ctuthesis_geometry_textwidth_dim=\dimen278
\g_ctuthesis_geometry_textheight_dim=\dimen279

("C:\Users\juanr\AppData\Local\Programs\MiKTeX 2.9\tex/latex/geometry\geometry.
sty"
Package: geometry 2020/01/02 v5.9 Page Geometry

("C:\Users\juanr\AppData\Local\Programs\MiKTeX 2.9\tex/generic/iftex\ifvtex.sty
"
Package: ifvtex 2019/10/25 v1.7 ifvtex legacy package. Use iftex instead.
)
\Gm@cnth=\count313
\Gm@cntv=\count314
\c@Gm@tempcnt=\count315
\Gm@bindingoffset=\dimen280
\Gm@wd@mp=\dimen281
\Gm@odd@mp=\dimen282
\Gm@even@mp=\dimen283
\Gm@layoutwidth=\dimen284
\Gm@layoutheight=\dimen285
\Gm@layouthoffset=\dimen286
\Gm@layoutvoffset=\dimen287
\Gm@dimlist=\toks46

("C:\Users\juanr\AppData\Local\Programs\MiKTeX 2.9\tex/latex/geometry\geometry.
cfg"))
\g_ctuthesis_geometry_innermargin_dim=\dimen288
*geometry* verbose mode - [ newgeometry ] result:
* driver: 
* paper: a4paper
* layout: <same size as paper>
* layoutoffset:(h,v)=(0.0pt,0.0pt)
* vratio: 5:6
* modes: twoside 
* h-part:(L,W,R)=(63.00311pt, 440.0pt, 94.50476pt)
* v-part:(T,H,B)=(96.02798pt, 633.78513pt, 115.23373pt)
* \paperwidth=597.50787pt
* \paperheight=845.04684pt
* \textwidth=440.0pt
* \textheight=633.78513pt
* \oddsidemargin=-9.26688pt
* \evensidemargin=22.23477pt
* \topmargin=-12.1158pt
* \headheight=16.0pt
* \headsep=19.8738pt
* \topskip=11.0pt
* \footskip=27.46295pt
* \marginparwidth=106.0pt
* \marginparsep=10.0pt
* \columnsep=10.0pt
* \skip\footins=10.0pt plus 4.0pt minus 2.0pt
* \hoffset=0.0pt
* \voffset=0.0pt
* \mag=1000
* \@twocolumnfalse
* \@twosidetrue
* \@mparswitchtrue
* \@reversemarginfalse
* (1in=72.27pt=25.4mm, 1cm=28.453pt)


("C:\Users\juanr\AppData\Local\Programs\MiKTeX 2.9\tex/latex/titlesec\titlesec.
sty"
Package: titlesec 2019/10/16 v2.13 Sectioning titles
\ttl@box=\box119
\beforetitleunit=\skip78
\aftertitleunit=\skip79
\ttl@plus=\dimen289
\ttl@minus=\dimen290
\ttl@toksa=\toks47
\titlewidth=\dimen291
\titlewidthlast=\dimen292
\titlewidthfirst=\dimen293
)
\ctu@title@rulewidth=\skip80
\ctu@title@rulesep=\skip81
\ctu@title@box=\box120

("C:\Users\juanr\AppData\Local\Programs\MiKTeX 2.9\tex/latex/fancyhdr\fancyhdr.
sty"
Package: fancyhdr 2019/01/31 v3.10 Extensive control of page headers and footer
s
\f@nch@headwidth=\skip82
\f@nch@O@elh=\skip83
\f@nch@O@erh=\skip84
\f@nch@O@olh=\skip85
\f@nch@O@orh=\skip86
\f@nch@O@elf=\skip87
\f@nch@O@erf=\skip88
\f@nch@O@olf=\skip89
\f@nch@O@orf=\skip90
)
\g_ctuthesis_fancy_bluerule_l_box=\box121
LaTeX Font Info:    Trying to load font information for T1+lmss on input line 5
88.
 ("C:\Users\juanr\AppData\Local\Programs\MiKTeX 2.9\tex/latex/lm\t1lmss.fd"
File: t1lmss.fd 2009/10/30 v1.6 Font defs for Latin Modern
)
\g_ctuthesis_fancy_bluerule_r_box=\box122
\g_ctuthesis_fancy_bluerule_c_box=\box123

("C:\Users\juanr\AppData\Local\Programs\MiKTeX 2.9\tex/latex/booktabs\booktabs.
sty"
Package: booktabs 2020/01/12 v1.61803398 Publication quality tables
\heavyrulewidth=\dimen294
\lightrulewidth=\dimen295
\cmidrulewidth=\dimen296
\belowrulesep=\dimen297
\belowbottomsep=\dimen298
\aboverulesep=\dimen299
\abovetopsep=\dimen300
\cmidrulesep=\dimen301
\cmidrulekern=\dimen302
\defaultaddspace=\dimen303
\@cmidla=\count316
\@cmidlb=\count317
\@aboverulesep=\dimen304
\@belowrulesep=\dimen305
\@thisruleclass=\count318
\@lastruleclass=\count319
\@thisrulewidth=\dimen306
)
\g_ctuthesis_tempa_box=\box124
\g_ctuthesis_list_label_i_box=\box125
\g_ctuthesis_list_label_ii_box=\box126
\g_ctuthesis_list_label_iii_box=\box127
\g_ctuthesis_list_label_iv_box=\box128

("C:\Users\juanr\AppData\Local\Programs\MiKTeX 2.9\tex/latex/amsmath\amsmath.st
y"
Package: amsmath 2020/01/20 v2.17e AMS math features
\@mathmargin=\skip91

For additional information on amsmath, use the `?' option.

("C:\Users\juanr\AppData\Local\Programs\MiKTeX 2.9\tex/latex/amsmath\amstext.st
y"
Package: amstext 2000/06/29 v2.01 AMS text

("C:\Users\juanr\AppData\Local\Programs\MiKTeX 2.9\tex/latex/amsmath\amsgen.sty
"
File: amsgen.sty 1999/11/30 v2.0 generic functions
\@emptytoks=\toks48
\ex@=\dimen307
))
("C:\Users\juanr\AppData\Local\Programs\MiKTeX 2.9\tex/latex/amsmath\amsbsy.sty
"
Package: amsbsy 1999/11/29 v1.2d Bold Symbols
\pmbraise@=\dimen308
)
("C:\Users\juanr\AppData\Local\Programs\MiKTeX 2.9\tex/latex/amsmath\amsopn.sty
"
Package: amsopn 2016/03/08 v2.02 operator names
)
\inf@bad=\count320
LaTeX Info: Redefining \frac on input line 227.
\uproot@=\count321
\leftroot@=\count322
LaTeX Info: Redefining \overline on input line 389.
\classnum@=\count323
\DOTSCASE@=\count324
LaTeX Info: Redefining \ldots on input line 486.
LaTeX Info: Redefining \dots on input line 489.
LaTeX Info: Redefining \cdots on input line 610.
\Mathstrutbox@=\box129
\strutbox@=\box130
\big@size=\dimen309
LaTeX Font Info:    Redeclaring font encoding OML on input line 733.
LaTeX Font Info:    Redeclaring font encoding OMS on input line 734.
\macc@depth=\count325
\c@MaxMatrixCols=\count326
\dotsspace@=\muskip16
\c@parentequation=\count327
\dspbrk@lvl=\count328
\tag@help=\toks49
\row@=\count329
\column@=\count330
\maxfields@=\count331
\andhelp@=\toks50
\eqnshift@=\dimen310
\alignsep@=\dimen311
\tagshift@=\dimen312
\tagwidth@=\dimen313
\totwidth@=\dimen314
\lineht@=\dimen315
\@envbody=\toks51
\multlinegap=\skip92
\multlinetaggap=\skip93
\mathdisplay@stack=\toks52
LaTeX Info: Redefining \[ on input line 2859.
LaTeX Info: Redefining \] on input line 2860.
)
("C:\Users\juanr\AppData\Local\Programs\MiKTeX 2.9\tex/latex/amsfonts\amssymb.s
ty"
Package: amssymb 2013/01/14 v3.01 AMS font symbols

("C:\Users\juanr\AppData\Local\Programs\MiKTeX 2.9\tex/latex/amsfonts\amsfonts.
sty"
Package: amsfonts 2013/01/14 v3.01 Basic AMSFonts support
\symAMSa=\mathgroup4
\symAMSb=\mathgroup5
LaTeX Font Info:    Redeclaring math symbol \hbar on input line 98.
LaTeX Font Info:    Overwriting math alphabet `\mathfrak' in version `bold'
(Font)                  U/euf/m/n --> U/euf/b/n on input line 106.
))
("C:\Users\juanr\AppData\Local\Programs\MiKTeX 2.9\tex/latex/amscls\amsthm.sty"
Package: amsthm 2017/10/31 v2.20.4
\thm@style=\toks53
\thm@bodyfont=\toks54
\thm@headfont=\toks55
\thm@notefont=\toks56
\thm@headpunct=\toks57
\thm@preskip=\skip94
\thm@postskip=\skip95
\thm@headsep=\skip96
\dth@everypar=\toks58
) ("C:\Users\juanr\AppData\Local\Programs\MiKTeX 2.9\tex/latex/base\makeidx.sty
"
Package: makeidx 2014/09/29 v1.0m Standard LaTeX package
)
\@indexfile=\write6
\openout6 = `main.idx'.


Writing index file main.idx

("C:\Users\juanr\AppData\Local\Programs\MiKTeX 2.9\tex/latex/hyperref\hyperref.
sty"
Package: hyperref 2020/01/14 v7.00d Hypertext links for LaTeX

("C:\Users\juanr\AppData\Local\Programs\MiKTeX 2.9\tex/latex/pdftexcmds\pdftexc
mds.sty"
Package: pdftexcmds 2019/11/24 v0.31 Utility functions of pdfTeX for LuaTeX (HO
)
Package pdftexcmds Info: \pdf@primitive is available.
Package pdftexcmds Info: \pdf@ifprimitive is available.
Package pdftexcmds Info: \pdfdraftmode found.
)
("C:\Users\juanr\AppData\Local\Programs\MiKTeX 2.9\tex/generic/kvsetkeys\kvsetk
eys.sty"
Package: kvsetkeys 2019/12/15 v1.18 Key value parser (HO)
)
("C:\Users\juanr\AppData\Local\Programs\MiKTeX 2.9\tex/generic/kvdefinekeys\kvd
efinekeys.sty"
Package: kvdefinekeys 2019-12-19 v1.6 Define keys (HO)
)
("C:\Users\juanr\AppData\Local\Programs\MiKTeX 2.9\tex/generic/pdfescape\pdfesc
ape.sty"
Package: pdfescape 2019/12/09 v1.15 Implements pdfTeX's escape features (HO)
)
("C:\Users\juanr\AppData\Local\Programs\MiKTeX 2.9\tex/latex/hycolor\hycolor.st
y"
Package: hycolor 2020-01-27 v1.10 Color options for hyperref/bookmark (HO)
)
("C:\Users\juanr\AppData\Local\Programs\MiKTeX 2.9\tex/latex/letltxmacro\letltx
macro.sty"
Package: letltxmacro 2019/12/03 v1.6 Let assignment for LaTeX macros (HO)
)
("C:\Users\juanr\AppData\Local\Programs\MiKTeX 2.9\tex/latex/auxhook\auxhook.st
y"
Package: auxhook 2019-12-17 v1.6 Hooks for auxiliary files (HO)
)
("C:\Users\juanr\AppData\Local\Programs\MiKTeX 2.9\tex/latex/kvoptions\kvoption
s.sty"
Package: kvoptions 2019/11/29 v3.13 Key value format for package options (HO)
)
\@linkdim=\dimen316
\Hy@linkcounter=\count332
\Hy@pagecounter=\count333

("C:\Users\juanr\AppData\Local\Programs\MiKTeX 2.9\tex/latex/hyperref\pd1enc.de
f"
File: pd1enc.def 2020/01/14 v7.00d Hyperref: PDFDocEncoding definition (HO)
Now handling font encoding PD1 ...
... no UTF-8 mapping file for font encoding PD1
)
("C:\Users\juanr\AppData\Local\Programs\MiKTeX 2.9\tex/generic/intcalc\intcalc.
sty"
Package: intcalc 2019/12/15 v1.3 Expandable calculations with integers (HO)
)
("C:\Users\juanr\AppData\Local\Programs\MiKTeX 2.9\tex/generic/etexcmds\etexcmd
s.sty"
Package: etexcmds 2019/12/15 v1.7 Avoid name clashes with e-TeX commands (HO)
)
\Hy@SavedSpaceFactor=\count334
Package hyperref Info: Hyper figures OFF on input line 4547.
Package hyperref Info: Link nesting OFF on input line 4552.
Package hyperref Info: Hyper index ON on input line 4555.
Package hyperref Info: Plain pages OFF on input line 4562.
Package hyperref Info: Backreferencing OFF on input line 4567.
Package hyperref Info: Implicit mode ON; LaTeX internals redefined.
Package hyperref Info: Bookmarks ON on input line 4800.
\c@Hy@tempcnt=\count335
 ("C:\Users\juanr\AppData\Local\Programs\MiKTeX 2.9\tex/latex/url\url.sty"
\Urlmuskip=\muskip17
Package: url 2013/09/16  ver 3.4  Verb mode for urls, etc.
)
LaTeX Info: Redefining \url on input line 5159.
\XeTeXLinkMargin=\dimen317

("C:\Users\juanr\AppData\Local\Programs\MiKTeX 2.9\tex/generic/bitset\bitset.st
y"
Package: bitset 2019/12/09 v1.3 Handle bit-vector datatype (HO)

("C:\Users\juanr\AppData\Local\Programs\MiKTeX 2.9\tex/generic/bigintcalc\bigin
tcalc.sty"
Package: bigintcalc 2019/12/15 v1.5 Expandable calculations on big integers (HO
)
))
\Fld@menulength=\count336
\Field@Width=\dimen318
\Fld@charsize=\dimen319
Package hyperref Info: Hyper figures OFF on input line 6430.
Package hyperref Info: Link nesting OFF on input line 6435.
Package hyperref Info: Hyper index ON on input line 6438.
Package hyperref Info: backreferencing OFF on input line 6445.
Package hyperref Info: Link coloring OFF on input line 6450.
Package hyperref Info: Link coloring with OCG OFF on input line 6455.
Package hyperref Info: PDF/A mode OFF on input line 6460.
LaTeX Info: Redefining \ref on input line 6500.
LaTeX Info: Redefining \pageref on input line 6504.
\Hy@abspage=\count337
\c@Item=\count338
\c@Hfootnote=\count339
)
Package hyperref Info: Driver (autodetected): hpdftex.

("C:\Users\juanr\AppData\Local\Programs\MiKTeX 2.9\tex/latex/hyperref\hpdftex.d
ef"
File: hpdftex.def 2020/01/14 v7.00d Hyperref driver for pdfTeX

("C:\Users\juanr\AppData\Local\Programs\MiKTeX 2.9\tex/latex/atveryend\atveryen
d.sty"
Package: atveryend 2019-12-11 v1.11 Hooks at the very end of document (HO)
)
\Fld@listcount=\count340
\c@bookmark@seq@number=\count341

("C:\Users\juanr\AppData\Local\Programs\MiKTeX 2.9\tex/latex/rerunfilecheck\rer
unfilecheck.sty"
Package: rerunfilecheck 2019/12/05 v1.9 Rerun checks for auxiliary files (HO)

("C:\Users\juanr\AppData\Local\Programs\MiKTeX 2.9\tex/generic/uniquecounter\un
iquecounter.sty"
Package: uniquecounter 2019/12/15 v1.4 Provide unlimited unique counter (HO)
)
Package uniquecounter Info: New unique counter `rerunfilecheck' on input line 2
86.
)
\Hy@SectionHShift=\skip97
)
Package hyperref Info: Option `colorlinks' set `false' on input line 957.
Package hyperref Info: Option `linktocpage' set `true' on input line 957.


Package hyperref Warning: Token not allowed in a PDF string (PDFDocEncoding):
(hyperref)                removing `\ctuthesis_field_use:nn' on input line 957.



Package hyperref Warning: Token not allowed in a PDF string (PDFDocEncoding):
(hyperref)                removing `\ctuthesis_field_use:n' on input line 957.

) (ctuth-templates.tex
File: ctuth-templates.tex 2016/06/15 v0.1t1606152353 "Templates" part of the cl
ass ctuthesis
) (main.aux

LaTeX Warning: Label `fig:bgcel' multiply defined.


LaTeX Warning: Label `fig:bgcel' multiply defined.


LaTeX Warning: Label `fig:bgcel' multiply defined.


LaTeX Warning: Label `fig:bgcel' multiply defined.


LaTeX Warning: Label `fig:bgcel' multiply defined.


LaTeX Warning: Label `fig:bgcel' multiply defined.


LaTeX Warning: Label `fig:bgcel' multiply defined.


LaTeX Warning: Label `fig:bgcel' multiply defined.


LaTeX Warning: Label `fig:bgcel' multiply defined.


LaTeX Warning: Label `fig:bgcel' multiply defined.


LaTeX Warning: Label `fig:bgcel' multiply defined.


LaTeX Warning: Label `fig:bgcel' multiply defined.


LaTeX Warning: Label `fig:bgcel' multiply defined.

)
\openout1 = `main.aux'.

LaTeX Font Info:    Checking defaults for OML/cmm/m/it on input line 192.
LaTeX Font Info:    ... okay on input line 192.
LaTeX Font Info:    Checking defaults for OMS/cmsy/m/n on input line 192.
LaTeX Font Info:    ... okay on input line 192.
LaTeX Font Info:    Checking defaults for OT1/cmr/m/n on input line 192.
LaTeX Font Info:    ... okay on input line 192.
LaTeX Font Info:    Checking defaults for T1/cmr/m/n on input line 192.
LaTeX Font Info:    ... okay on input line 192.
LaTeX Font Info:    Checking defaults for TS1/cmr/m/n on input line 192.
LaTeX Font Info:    ... okay on input line 192.
LaTeX Font Info:    Checking defaults for OMX/cmex/m/n on input line 192.
LaTeX Font Info:    ... okay on input line 192.
LaTeX Font Info:    Checking defaults for U/cmr/m/n on input line 192.
LaTeX Font Info:    ... okay on input line 192.
LaTeX Font Info:    Checking defaults for PD1/pdf/m/n on input line 192.
LaTeX Font Info:    ... okay on input line 192.

("C:\Users\juanr\AppData\Local\Programs\MiKTeX 2.9\tex/context/base/mkii\supp-p
df.mkii"
[Loading MPS to PDF converter (version 2006.09.02).]
\scratchcounter=\count342
\scratchdimen=\dimen320
\scratchbox=\box131
\nofMPsegments=\count343
\nofMParguments=\count344
\everyMPshowfont=\toks59
\MPscratchCnt=\count345
\MPscratchDim=\dimen321
\MPnumerator=\count346
\makeMPintoPDFobject=\count347
\everyMPtoPDFconversion=\toks60
)
("C:\Users\juanr\AppData\Local\Programs\MiKTeX 2.9\tex/latex/epstopdf-pkg\epsto
pdf-base.sty"
Package: epstopdf-base 2020-01-24 v2.11 Base part for package epstopdf
Package epstopdf-base Info: Redefining graphics rule for `.eps' on input line 4
85.
)
Package caption Info: Begin \AtBeginDocument code.
Package caption Info: subfig package v1.3 is loaded.
Package caption Info: hyperref package is loaded.
Package caption Info: End \AtBeginDocument code.

("C:\Users\juanr\AppData\Local\Programs\MiKTeX 2.9\tex/latex/floatrow\fr-subfig
.sty"
Package: fr-subfig 2007/12/24 v0.1g (beta) floatrow: additions for subfig
\FBsc@max=\skip98
\FBso@max=\skip99
) ABD: EveryShipout initializing macros
LaTeX Info: Redefining \microtypecontext on input line 192.
Package microtype Info: Generating PDF output.
Package microtype Info: Character protrusion enabled (level 2).
Package microtype Info: Using default protrusion set `alltext'.
Package microtype Info: Automatic font expansion enabled (level 2),
(microtype)             stretch: 20, shrink: 20, step: 1, non-selected.
Package microtype Info: Using default expansion set `basictext'.
LaTeX Info: Redefining \showhyphens on input line 192.
Package microtype Info: No adjustment of tracking.
Package microtype Info: No adjustment of interword spacing.
Package microtype Info: No adjustment of character kerning.

("C:\Users\juanr\AppData\Local\Programs\MiKTeX 2.9\tex/latex/microtype\mt-cmr.c
fg"
File: mt-cmr.cfg 2013/05/19 v2.2 microtype config. file: Computer Modern Roman 
(RS)
)
\AtBeginShipoutBox=\box132

("C:\Users\juanr\AppData\Local\Programs\MiKTeX 2.9\tex/latex/pdflscape\pdflscap
e.sty"
Package: pdflscape 2019/12/05 v0.12 Display of landscape pages in PDF (HO)

("C:\Users\juanr\AppData\Local\Programs\MiKTeX 2.9\tex/latex/graphics\lscape.st
y"
Package: lscape 2000/10/22 v3.01 Landscape Pages (DPC)
)
Package pdflscape Info: Auto-detected driver: pdftex on input line 81.
)
*geometry* driver: auto-detecting
*geometry* detected driver: pdftex
*geometry* verbose mode - [ preamble ] result:
* driver: pdftex
* paper: a4paper
* layout: <same size as paper>
* layoutoffset:(h,v)=(0.0pt,0.0pt)
* vratio: 5:6
* modes: twoside 
* h-part:(L,W,R)=(63.00311pt, 440.0pt, 94.50476pt)
* v-part:(T,H,B)=(96.02798pt, 633.78513pt, 115.23373pt)
* \paperwidth=597.50787pt
* \paperheight=845.04684pt
* \textwidth=440.0pt
* \textheight=633.78513pt
* \oddsidemargin=-9.26688pt
* \evensidemargin=22.23477pt
* \topmargin=-12.1158pt
* \headheight=16.0pt
* \headsep=19.8738pt
* \topskip=11.0pt
* \footskip=27.46295pt
* \marginparwidth=44.50476pt
* \marginparsep=10.0pt
* \columnsep=10.0pt
* \skip\footins=10.0pt plus 4.0pt minus 2.0pt
* \hoffset=0.0pt
* \voffset=0.0pt
* \mag=1000
* \@twocolumnfalse
* \@twosidetrue
* \@mparswitchtrue
* \@reversemarginfalse
* (1in=72.27pt=25.4mm, 1cm=28.453pt)

Package hyperref Info: Link coloring OFF on input line 192.

("C:\Users\juanr\AppData\Local\Programs\MiKTeX 2.9\tex/latex/hyperref\nameref.s
ty"
Package: nameref 2019/09/16 v2.46 Cross-referencing by name of section

("C:\Users\juanr\AppData\Local\Programs\MiKTeX 2.9\tex/latex/refcount\refcount.
sty"
Package: refcount 2019/12/15 v3.6 Data extraction from label references (HO)
)
("C:\Users\juanr\AppData\Local\Programs\MiKTeX 2.9\tex/generic/gettitlestring\g
ettitlestring.sty"
Package: gettitlestring 2019/12/15 v1.6 Cleanup title references (HO)
)
\c@section@level=\count348
)
LaTeX Info: Redefining \ref on input line 192.
LaTeX Info: Redefining \pageref on input line 192.
LaTeX Info: Redefining \nameref on input line 192.
 (main.out) (main.out)
\@outlinefile=\write7
\openout7 = `main.out'.

Package microtype Info: Loading generic protrusion settings for font family
(microtype)             `lmss' (encoding: T1).
(microtype)             For optimal results, create family-specific settings.
(microtype)             See the microtype manual for details.
LaTeX Font Info:    Trying to load font information for OT1+lmr on input line 1
94.

("C:\Users\juanr\AppData\Local\Programs\MiKTeX 2.9\tex/latex/lm\ot1lmr.fd"
File: ot1lmr.fd 2009/10/30 v1.6 Font defs for Latin Modern
)
LaTeX Font Info:    Trying to load font information for OML+lmm on input line 1
94.

("C:\Users\juanr\AppData\Local\Programs\MiKTeX 2.9\tex/latex/lm\omllmm.fd"
File: omllmm.fd 2009/10/30 v1.6 Font defs for Latin Modern
)
LaTeX Font Info:    Trying to load font information for OMS+lmsy on input line 
194.

("C:\Users\juanr\AppData\Local\Programs\MiKTeX 2.9\tex/latex/lm\omslmsy.fd"
File: omslmsy.fd 2009/10/30 v1.6 Font defs for Latin Modern
)
LaTeX Font Info:    Trying to load font information for OMX+lmex on input line 
194.

("C:\Users\juanr\AppData\Local\Programs\MiKTeX 2.9\tex/latex/lm\omxlmex.fd"
File: omxlmex.fd 2009/10/30 v1.6 Font defs for Latin Modern
)
LaTeX Font Info:    External font `lmex10' loaded for size
(Font)              <10.95> on input line 194.
LaTeX Font Info:    External font `lmex10' loaded for size
(Font)              <8> on input line 194.
LaTeX Font Info:    External font `lmex10' loaded for size
(Font)              <6> on input line 194.
LaTeX Font Info:    Trying to load font information for U+msa on input line 194
.

("C:\Users\juanr\AppData\Local\Programs\MiKTeX 2.9\tex/latex/amsfonts\umsa.fd"
File: umsa.fd 2013/01/14 v3.01 AMS symbols A
)
("C:\Users\juanr\AppData\Local\Programs\MiKTeX 2.9\tex/latex/microtype\mt-msa.c
fg"
File: mt-msa.cfg 2006/02/04 v1.1 microtype config. file: AMS symbols (a) (RS)
)
LaTeX Font Info:    Trying to load font information for U+msb on input line 194
.

("C:\Users\juanr\AppData\Local\Programs\MiKTeX 2.9\tex/latex/amsfonts\umsb.fd"
File: umsb.fd 2013/01/14 v3.01 AMS symbols B
)
("C:\Users\juanr\AppData\Local\Programs\MiKTeX 2.9\tex/latex/microtype\mt-msb.c
fg"
File: mt-msb.cfg 2005/06/01 v1.0 microtype config. file: AMS symbols (b) (RS)
)
<Figs/Caratula/logo_uba.png, id=136, 224.84pt x 225.84375pt>
File: Figs/Caratula/logo_uba.png Graphic file (type png)
<use Figs/Caratula/logo_uba.png>
Package pdftex.def Info: Figs/Caratula/logo_uba.png  used on input line 194.
(pdftex.def)             Requested size: 48.68272pt x 48.90004pt.
LaTeX Font Info:    External font `lmex10' loaded for size
(Font)              <14.4> on input line 194.
LaTeX Font Info:    External font `lmex10' loaded for size
(Font)              <10> on input line 194.
LaTeX Font Info:    External font `lmex10' loaded for size
(Font)              <7> on input line 194.
LaTeX Font Info:    Calculating math sizes for size <32.7> on input line 194.
LaTeX Font Info:    External font `lmex10' loaded for size
(Font)              <32.7> on input line 194.
LaTeX Font Info:    External font `lmex10' loaded for size
(Font)              <22.8899> on input line 194.
LaTeX Font Info:    External font `lmex10' loaded for size
(Font)              <16.34999> on input line 194.

Overfull \hbox (5.0pt too wide) in paragraph at lines 194--194
[]|| [][][] 
 []

[1



{C:/Users/juanr/AppData/Local/MiKTeX/2.9/pdftex/config/pdftex.map} <./Figs/Cara
tula/logo_uba.png>]
LaTeX Font Info:    Trying to load font information for T1+lmtt on input line 1
94.

("C:\Users\juanr\AppData\Local\Programs\MiKTeX 2.9\tex/latex/lm\t1lmtt.fd"
File: t1lmtt.fd 2009/10/30 v1.6 Font defs for Latin Modern
)
Package microtype Info: Loading generic protrusion settings for font family
(microtype)             `lmtt' (encoding: T1).
(microtype)             For optimal results, create family-specific settings.
(microtype)             See the microtype manual for details.

[2

]
Package microtype Info: Character `029' is missing
(microtype)             in font `T1/lmr/m/sc/10.95'.
(microtype)             Ignoring protrusion settings for this character.
 [3

] [4

] [5] [6

] (main.toc [7])
\tf@toc=\write8
\openout8 = `main.toc'.

 [8]
\openout2 = `caps/introd.aux'.

 (caps/introd.tex
Captulo 1.
Package hyperref Info: bookmark level for unknown todo defaults to 0 on input l
ine 5.
LaTeX Font Info:    External font `lmex10' loaded for size
(Font)              <9> on input line 29.
LaTeX Font Info:    External font `lmex10' loaded for size
(Font)              <5> on input line 29.
[1



]
<Figs/plan_de_tesis/multivshyper.png, id=226, 1820.8025pt x 592.2125pt>
File: Figs/plan_de_tesis/multivshyper.png Graphic file (type png)
<use Figs/plan_de_tesis/multivshyper.png>
Package pdftex.def Info: Figs/plan_de_tesis/multivshyper.png  used on input lin
e 99.
(pdftex.def)             Requested size: 364.15405pt x 118.4404pt.
LaTeX Font Info:    Font shape `T1/lmss/m/it' in size <10.95> not available
(Font)              Font shape `T1/lmss/m/sl' tried instead on input line 107.
 [2]
<Figs/plan_de_tesis/cam_sens.png, id=245, 380.34404pt x 245.5327pt>
File: Figs/plan_de_tesis/cam_sens.png Graphic file (type png)
<use Figs/plan_de_tesis/cam_sens.png>
Package pdftex.def Info: Figs/plan_de_tesis/cam_sens.png  used on input line 14
8.
(pdftex.def)             Requested size: 203.48494pt x 131.36057pt.

Underfull \vbox (badness 10000) has occurred while \output is active []

 [3 <./Figs/plan_de_tesis/multivshyper.png>]
<Figs/plan_de_tesis/measurement_of_optical_filter.jpg, id=259, 414.04688pt x 33
8.76563pt>
File: Figs/plan_de_tesis/measurement_of_optical_filter.jpg Graphic file (type j
pg)
<use Figs/plan_de_tesis/measurement_of_optical_filter.jpg>
Package pdftex.def Info: Figs/plan_de_tesis/measurement_of_optical_filter.jpg  
used on input line 191.
(pdftex.def)             Requested size: 331.23795pt x 271.01285pt.

Underfull \vbox (badness 10000) has occurred while \output is active []

 [4 <./Figs/plan_de_tesis/cam_sens.png>]
<Figs/plan_de_tesis/dists_meds.png, id=278, 479.02039pt x 382.66039pt>
File: Figs/plan_de_tesis/dists_meds.png Graphic file (type png)
<use Figs/plan_de_tesis/dists_meds.png>
Package pdftex.def Info: Figs/plan_de_tesis/dists_meds.png  used on input line 
226.
(pdftex.def)             Requested size: 383.21683pt x 306.12872pt.

Underfull \vbox (badness 10000) has occurred while \output is active []

 [5 <./Figs/plan_de_tesis/measurement_of_optical_filter.jpg>]
Underfull \vbox (badness 4673) has occurred while \output is active []

 [6 <./Figs/plan_de_tesis/dists_meds.png>]
<Figs/plan_de_tesis/med_mets_prevs.png, id=297, 340.96616pt x 216.81pt>
File: Figs/plan_de_tesis/med_mets_prevs.png Graphic file (type png)
<use Figs/plan_de_tesis/med_mets_prevs.png>
Package pdftex.def Info: Figs/plan_de_tesis/med_mets_prevs.png  used on input l
ine 273.
(pdftex.def)             Requested size: 272.77328pt x 173.44823pt.

Underfull \vbox (badness 1019) has occurred while \output is active []

 [7 <./Figs/plan_de_tesis/med_mets_prevs.png>]
<Figs/plan_de_tesis/setup_u.jpeg, id=309, 308.53731pt x 108.405pt>
File: Figs/plan_de_tesis/setup_u.jpeg Graphic file (type jpg)
<use Figs/plan_de_tesis/setup_u.jpeg>
Package pdftex.def Info: Figs/plan_de_tesis/setup_u.jpeg  used on input line 32
4.
(pdftex.def)             Requested size: 308.53654pt x 108.40472pt.
 [8 <./Figs/plan_de_tesis/setup_u.jpeg>]
LaTeX Font Info:    Trying to load font information for U+fontawesomebrands0 on
 input line 424.

("C:\Users\juanr\AppData\Local\Programs\MiKTeX 2.9\tex/latex/fontawesome5\ufont
awesomebrands0.fd")
LaTeX Font Info:    Font shape `U/fontawesomebrands0/solid/n' in size <10.95> n
ot available
(Font)              Font shape `U/fontawesomebrands0/regular/n' tried instead o
n input line 424.

Underfull \vbox (badness 10000) has occurred while \output is active []

 [9])
[10]
Captulo 2.
[11


]
\openout2 = `caps/cap3.aux'.

 (caps/cap3.tex [12


]
Captulo 3.
LaTeX Font Info:    Font shape `U/fontawesomebrands0/solid/n' in size <12> not 
available
(Font)              Font shape `U/fontawesomebrands0/regular/n' tried instead o
n input line 6.
LaTeX Font Info:    Font shape `T1/lmtt/bx/n' in size <12> not available
(Font)              Font shape `T1/lmtt/b/n' tried instead on input line 6.
LaTeX Font Info:    External font `lmex10' loaded for size
(Font)              <12> on input line 6.
LaTeX Font Info:    Font shape `T1/lmtt/bx/n' in size <8> not available
(Font)              Font shape `T1/lmtt/b/n' tried instead on input line 6.
LaTeX Font Info:    Font shape `T1/lmtt/bx/n' in size <6> not available
(Font)              Font shape `T1/lmtt/b/n' tried instead on input line 6.

LaTeX Warning: Citation `Gomez_1998' on page 13 undefined on input line 20.

<Figs/cuantificaciondefectos/hueco_cel_112.png, id=341, 170.6375pt x 136.51pt>
File: Figs/cuantificaciondefectos/hueco_cel_112.png Graphic file (type png)
<use Figs/cuantificaciondefectos/hueco_cel_112.png>
Package pdftex.def Info: Figs/cuantificaciondefectos/hueco_cel_112.png  used on
 input line 24.
(pdftex.def)             Requested size: 113.81358pt x 113.81151pt.
File: Figs/cuantificaciondefectos/hueco_cel_112.png Graphic file (type png)
<use Figs/cuantificaciondefectos/hueco_cel_112.png>
Package pdftex.def Info: Figs/cuantificaciondefectos/hueco_cel_112.png  used on
 input line 24.
(pdftex.def)             Requested size: 113.81358pt x 113.81151pt.
<Figs/cuantificaciondefectos/mancha_cel_112.png, id=342, 98.3675pt x 93.34875pt
>
File: Figs/cuantificaciondefectos/mancha_cel_112.png Graphic file (type png)
<use Figs/cuantificaciondefectos/mancha_cel_112.png>
Package pdftex.def Info: Figs/cuantificaciondefectos/mancha_cel_112.png  used o
n input line 25.
(pdftex.def)             Requested size: 113.81065pt x 113.81549pt.
File: Figs/cuantificaciondefectos/mancha_cel_112.png Graphic file (type png)
<use Figs/cuantificaciondefectos/mancha_cel_112.png>
Package pdftex.def Info: Figs/cuantificaciondefectos/mancha_cel_112.png  used o
n input line 25.
(pdftex.def)             Requested size: 113.81065pt x 113.81549pt.

Underfull \vbox (badness 10000) has occurred while \output is active []

 [13]

LaTeX Warning: Citation `milprf' on page 14 undefined on input line 29.


LaTeX Warning: Citation `iso10110' on page 14 undefined on input line 29.

LaTeX Font Info:    Font shape `T1/lmss/bx/it' in size <12> not available
(Font)              Font shape `T1/lmss/bx/sl' tried instead on input line 32.
<Figs/cuantificaciondefectos/scratchanddig.png, id=351, 311.66437pt x 218.8175p
t>
File: Figs/cuantificaciondefectos/scratchanddig.png Graphic file (type png)
<use Figs/cuantificaciondefectos/scratchanddig.png>
Package pdftex.def Info: Figs/cuantificaciondefectos/scratchanddig.png  used on
 input line 40.
(pdftex.def)             Requested size: 311.6636pt x 218.81696pt.
[14 <./Figs/cuantificaciondefectos/hueco_cel_112.png (PNG copy)> <./Figs/cuanti
ficaciondefectos/mancha_cel_112.png (PNG copy)>]
Underfull \vbox (badness 6461) has occurred while \output is active []

 [15 <./Figs/cuantificaciondefectos/scratchanddig.png>]

LaTeX Warning: Citation `Aikens' on page 16 undefined on input line 66.

<Figs/cuantificaciondefectos/samplesscratch.png, id=376, 552.56438pt x 313.6718
8pt>
File: Figs/cuantificaciondefectos/samplesscratch.png Graphic file (type png)
<use Figs/cuantificaciondefectos/samplesscratch.png>
Package pdftex.def Info: Figs/cuantificaciondefectos/samplesscratch.png  used o
n input line 69.
(pdftex.def)             Requested size: 414.42226pt x 235.25331pt.

LaTeX Warning: Citation `Aikens' on page 16 undefined on input line 70.


LaTeX Warning: Citation `Aikens' on page 16 undefined on input line 70.

[16 <./Figs/cuantificaciondefectos/samplesscratch.png>] [17]

LaTeX Warning: Reference `fig:filtroposta' on page 18 undefined on input line 1
06.


LaTeX Warning: Reference `fig:dimsfiltr' on page 18 undefined on input line 106
.


Underfull \vbox (badness 10000) has occurred while \output is active []

 [18]
<Figs/cuantificaciondefectos/dimsfiltro.png, id=400, 291.58937pt x 270.51062pt>

File: Figs/cuantificaciondefectos/dimsfiltro.png Graphic file (type png)
<use Figs/cuantificaciondefectos/dimsfiltro.png>
Package pdftex.def Info: Figs/cuantificaciondefectos/dimsfiltro.png  used on in
put line 122.
(pdftex.def)             Requested size: 233.2718pt x 216.40878pt.

Overfull \hbox (18.2718pt too wide) in paragraph at lines 122--122
 [][] 
 []

File: Figs/cuantificaciondefectos/dimsfiltro.png Graphic file (type png)
<use Figs/cuantificaciondefectos/dimsfiltro.png>
Package pdftex.def Info: Figs/cuantificaciondefectos/dimsfiltro.png  used on in
put line 122.
(pdftex.def)             Requested size: 233.2718pt x 216.40878pt.

Overfull \hbox (18.2718pt too wide) in paragraph at lines 122--122
 [][] 
 []

<Figs/cuantificaciondefectos/filtro_real.jpg, id=401, 1223.57124pt x 1444.39626
pt>
File: Figs/cuantificaciondefectos/filtro_real.jpg Graphic file (type jpg)
<use Figs/cuantificaciondefectos/filtro_real.jpg>
Package pdftex.def Info: Figs/cuantificaciondefectos/filtro_real.jpg  used on i
nput line 123.
(pdftex.def)             Requested size: 183.52777pt x 216.65009pt.
File: Figs/cuantificaciondefectos/filtro_real.jpg Graphic file (type jpg)
<use Figs/cuantificaciondefectos/filtro_real.jpg>
Package pdftex.def Info: Figs/cuantificaciondefectos/filtro_real.jpg  used on i
nput line 123.
(pdftex.def)             Requested size: 183.52777pt x 216.65009pt.

Underfull \vbox (badness 10000) has occurred while \output is active []

 [19]

LaTeX Warning: Reference `fig:dimsfiltr' on page 20 undefined on input line 134
.

[20 <./Figs/cuantificaciondefectos/dimsfiltro.png> <./Figs/cuantificaciondefect
os/filtro_real.jpg>]
<Figs/defectosZEISS/b.jpg, id=420, 4143.48pt x 2330.7075pt>
File: Figs/defectosZEISS/b.jpg Graphic file (type jpg)
<use Figs/defectosZEISS/b.jpg>
Package pdftex.def Info: Figs/defectosZEISS/b.jpg  used on input line 149.
(pdftex.def)             Requested size: 331.48517pt x 186.4604pt.
<Figs/defectosZEISS/a.jpg, id=423, 4143.48pt x 2330.7075pt>
File: Figs/defectosZEISS/a.jpg Graphic file (type jpg)
<use Figs/defectosZEISS/a.jpg>
Package pdftex.def Info: Figs/defectosZEISS/a.jpg  used on input line 157.
(pdftex.def)             Requested size: 331.48517pt x 186.4604pt.

Underfull \vbox (badness 3579) has occurred while \output is active []

 [21 <./Figs/defectosZEISS/b.jpg>]

LaTeX Warning: Hyper reference `sec:conf' on page 22 undefined on input line 16
1.


Underfull \vbox (badness 4013) has occurred while \output is active []

 [22 <./Figs/defectosZEISS/a.jpg>]
<Figs/cuantificaciondefectos/tilescan.png, id=441, 1039.885pt x 193.72375pt>
File: Figs/cuantificaciondefectos/tilescan.png Graphic file (type png)
<use Figs/cuantificaciondefectos/tilescan.png>
Package pdftex.def Info: Figs/cuantificaciondefectos/tilescan.png  used on inpu
t line 180.
(pdftex.def)             Requested size: 440.0pt x 81.96939pt.


LaTeX Warning: Citation `Lowe' on page 23 undefined on input line 186.

[23 <./Figs/cuantificaciondefectos/tilescan.png>]

LaTeX Warning: Citation `tilezeiss' on page 24 undefined on input line 192.


LaTeX Warning: Citation `van2014scikit' on page 24 undefined on input line 194.


[24]

LaTeX Warning: Reference `fig:espfil' on page 25 undefined on input line 202.

<Figs/cuantificaciondefectos/supextex2216.png, id=461, 486.31688pt x 455.20062p
t>
File: Figs/cuantificaciondefectos/supextex2216.png Graphic file (type png)
<use Figs/cuantificaciondefectos/supextex2216.png>
Package pdftex.def Info: Figs/cuantificaciondefectos/supextex2216.png  used on 
input line 206.
(pdftex.def)             Requested size: 213.39386pt x 312.98438pt.
File: Figs/cuantificaciondefectos/supextex2216.png Graphic file (type png)
<use Figs/cuantificaciondefectos/supextex2216.png>
Package pdftex.def Info: Figs/cuantificaciondefectos/supextex2216.png  used on 
input line 206.
(pdftex.def)             Requested size: 213.39386pt x 312.98438pt.
<Figs/cuantificaciondefectos/supextex1515.png, id=462, 415.5525pt x 413.545pt>
File: Figs/cuantificaciondefectos/supextex1515.png Graphic file (type png)
<use Figs/cuantificaciondefectos/supextex1515.png>
Package pdftex.def Info: Figs/cuantificaciondefectos/supextex1515.png  used on 
input line 207.
(pdftex.def)             Requested size: 213.39369pt x 312.98494pt.
File: Figs/cuantificaciondefectos/supextex1515.png Graphic file (type png)
<use Figs/cuantificaciondefectos/supextex1515.png>
Package pdftex.def Info: Figs/cuantificaciondefectos/supextex1515.png  used on 
input line 207.
(pdftex.def)             Requested size: 213.39369pt x 312.98494pt.
<Figs/cuantificaciondefectos/espesorfiltro.png, id=463, 45.67062pt x 276.03125p
t>
File: Figs/cuantificaciondefectos/espesorfiltro.png Graphic file (type png)
<use Figs/cuantificaciondefectos/espesorfiltro.png>
Package pdftex.def Info: Figs/cuantificaciondefectos/espesorfiltro.png  used on
 input line 213.
(pdftex.def)             Requested size: 27.40257pt x 165.62001pt.
[25 <./Figs/cuantificaciondefectos/supextex2216.png> <./Figs/cuantificaciondefe
ctos/supextex1515.png>]
<Figs/defectosZEISS/histograma15x15.png, id=475, 207.77625pt x 60.72687pt>
File: Figs/defectosZEISS/histograma15x15.png Graphic file (type png)
<use Figs/defectosZEISS/histograma15x15.png>
Package pdftex.def Info: Figs/defectosZEISS/histograma15x15.png  used on input 
line 223.
(pdftex.def)             Requested size: 440.0pt x 128.61427pt.


LaTeX Warning: Citation `Zeiss' on page 26 undefined on input line 227.

[26 <./Figs/cuantificaciondefectos/espesorfiltro.png> <./Figs/defectosZEISS/his
tograma15x15.png>]
<Figs/defectosZEISS/eficienciacuanticacamarazeiss.png, id=487, 399.4925pt x 240
.39813pt>
File: Figs/defectosZEISS/eficienciacuanticacamarazeiss.png Graphic file (type p
ng)
<use Figs/defectosZEISS/eficienciacuanticacamarazeiss.png>
Package pdftex.def Info: Figs/defectosZEISS/eficienciacuanticacamarazeiss.png  
used on input line 232.
(pdftex.def)             Requested size: 440.0pt x 264.78723pt.
<Figs/defectosZEISS/espectrolampZEISSacolor.png, id=488, 545.53813pt x 278.5406
2pt>
File: Figs/defectosZEISS/espectrolampZEISSacolor.png Graphic file (type png)
<use Figs/defectosZEISS/espectrolampZEISSacolor.png>
Package pdftex.def Info: Figs/defectosZEISS/espectrolampZEISSacolor.png  used o
n input line 241.
(pdftex.def)             Requested size: 440.0pt x 224.65611pt.

Underfull \vbox (badness 10000) has occurred while \output is active []

 [27 <./Figs/defectosZEISS/eficienciacuanticacamarazeiss.png>] [28 <./Figs/defe
ctosZEISS/espectrolampZEISSacolor.png>]
<Figs/defectosZEISS/tilebandaroja.png, id=505, 942.01938pt x 115.43124pt>
File: Figs/defectosZEISS/tilebandaroja.png Graphic file (type png)
<use Figs/defectosZEISS/tilebandaroja.png>
Package pdftex.def Info: Figs/defectosZEISS/tilebandaroja.png  used on input li
ne 266.
(pdftex.def)             Requested size: 440.0pt x 53.91626pt.
 [29 <./Figs/defectosZEISS/tilebandaroja.png>]

LaTeX Warning: Reference `fig:micczeiss' on page 30 undefined on input line 283
.


LaTeX Warning: Reference `fig:ejnounif' on page 30 undefined on input line 283.


<Figs/defectosZEISS/opticalpaths.jpg, id=516, 412.54124pt x 396.48125pt>
File: Figs/defectosZEISS/opticalpaths.jpg Graphic file (type jpg)
<use Figs/defectosZEISS/opticalpaths.jpg>
Package pdftex.def Info: Figs/defectosZEISS/opticalpaths.jpg  used on input lin
e 286.
(pdftex.def)             Requested size: 206.27011pt x 198.24013pt.
File: Figs/defectosZEISS/opticalpaths.jpg Graphic file (type jpg)
<use Figs/defectosZEISS/opticalpaths.jpg>
Package pdftex.def Info: Figs/defectosZEISS/opticalpaths.jpg  used on input lin
e 286.
(pdftex.def)             Requested size: 206.27011pt x 198.24013pt.
<Figs/cuantificaciondefectos/ilumnoun.png, id=521, 371.3875pt x 283.0575pt>
File: Figs/cuantificaciondefectos/ilumnoun.png Graphic file (type png)
<use Figs/cuantificaciondefectos/ilumnoun.png>
Package pdftex.def Info: Figs/cuantificaciondefectos/ilumnoun.png  used on inpu
t line 287.
(pdftex.def)             Requested size: 185.69328pt x 141.5284pt.
File: Figs/cuantificaciondefectos/ilumnoun.png Graphic file (type png)
<use Figs/cuantificaciondefectos/ilumnoun.png>
Package pdftex.def Info: Figs/cuantificaciondefectos/ilumnoun.png  used on inpu
t line 287.
(pdftex.def)             Requested size: 185.69328pt x 141.5284pt.

Underfull \vbox (badness 10000) has occurred while \output is active []

 [30]

LaTeX Warning: Reference `fig:fondideal' on page 31 undefined on input line 291
.


LaTeX Warning: Reference `fig:fondideal' on page 31 undefined on input line 295
.


LaTeX Warning: Reference `fig:histbgteo' on page 31 undefined on input line 295
.


Underfull \vbox (badness 3108) has occurred while \output is active []

 [31 <./Figs/defectosZEISS/opticalpaths.jpg> <./Figs/cuantificaciondefectos/ilu
mnoun.png (PNG copy)>]
<Figs/defectosZEISS/bg_teorico.png, id=533, 50.1875pt x 62.73438pt>
File: Figs/defectosZEISS/bg_teorico.png Graphic file (type png)
<use Figs/defectosZEISS/bg_teorico.png>
Package pdftex.def Info: Figs/defectosZEISS/bg_teorico.png  used on input line 
299.
(pdftex.def)             Requested size: 142.30754pt x 170.75772pt.
File: Figs/defectosZEISS/bg_teorico.png Graphic file (type png)
<use Figs/defectosZEISS/bg_teorico.png>
Package pdftex.def Info: Figs/defectosZEISS/bg_teorico.png  used on input line 
299.
(pdftex.def)             Requested size: 142.30754pt x 170.75772pt.
<Figs/defectosZEISS/hist_bg_teorico.png, id=534, 128.98187pt x 130.4875pt>
File: Figs/defectosZEISS/hist_bg_teorico.png Graphic file (type png)
<use Figs/defectosZEISS/hist_bg_teorico.png>
Package pdftex.def Info: Figs/defectosZEISS/hist_bg_teorico.png  used on input 
line 300.
(pdftex.def)             Requested size: 180.57338pt x 182.68123pt.
File: Figs/defectosZEISS/hist_bg_teorico.png Graphic file (type png)
<use Figs/defectosZEISS/hist_bg_teorico.png>
Package pdftex.def Info: Figs/defectosZEISS/hist_bg_teorico.png  used on input 
line 300.
(pdftex.def)             Requested size: 180.57338pt x 182.68123pt.
<Figs/defectosZEISS/img_ideal_2defectos.png, id=535, 50.1875pt x 62.73438pt>
File: Figs/defectosZEISS/img_ideal_2defectos.png Graphic file (type png)
<use Figs/defectosZEISS/img_ideal_2defectos.png>
Package pdftex.def Info: Figs/defectosZEISS/img_ideal_2defectos.png  used on in
put line 308.
(pdftex.def)             Requested size: 142.30754pt x 199.21767pt.
File: Figs/defectosZEISS/img_ideal_2defectos.png Graphic file (type png)
<use Figs/defectosZEISS/img_ideal_2defectos.png>
Package pdftex.def Info: Figs/defectosZEISS/img_ideal_2defectos.png  used on in
put line 308.
(pdftex.def)             Requested size: 142.30754pt x 199.21767pt.
<Figs/defectosZEISS/hist_bg_condefectos_teorico.png, id=536, 137.51375pt x 175.
15437pt>
File: Figs/defectosZEISS/hist_bg_condefectos_teorico.png Graphic file (type png
)
<use Figs/defectosZEISS/hist_bg_condefectos_teorico.png>
Package pdftex.def Info: Figs/defectosZEISS/hist_bg_condefectos_teorico.png  us
ed on input line 309.
(pdftex.def)             Requested size: 165.01567pt x 210.18419pt.
File: Figs/defectosZEISS/hist_bg_condefectos_teorico.png Graphic file (type png
)
<use Figs/defectosZEISS/hist_bg_condefectos_teorico.png>
Package pdftex.def Info: Figs/defectosZEISS/hist_bg_condefectos_teorico.png  us
ed on input line 309.
(pdftex.def)             Requested size: 165.01567pt x 210.18419pt.

Underfull \vbox (badness 10000) has occurred while \output is active []

 [32 <./Figs/defectosZEISS/bg_teorico.png> <./Figs/defectosZEISS/hist_bg_teoric
o.png>]

LaTeX Warning: Reference `fig:histideal2def' on page 33 undefined on input line
 313.


Underfull \vbox (badness 10000) has occurred while \output is active []

 [33 <./Figs/defectosZEISS/img_ideal_2defectos.png> <./Figs/defectosZEISS/hist_
bg_condefectos_teorico.png>]

Package hyperref Warning: Token not allowed in a PDF string (PDFDocEncoding):
(hyperref)                removing `\faGithub' on input line 331.

<Figs/defectosZEISS/bg_azul.png, id=552, 234.37563pt x 272.01625pt>
File: Figs/defectosZEISS/bg_azul.png Graphic file (type png)
<use Figs/defectosZEISS/bg_azul.png>
Package pdftex.def Info: Figs/defectosZEISS/bg_azul.png  used on input line 337
.
(pdftex.def)             Requested size: 210.9361pt x 244.81235pt.
File: Figs/defectosZEISS/bg_azul.png Graphic file (type png)
<use Figs/defectosZEISS/bg_azul.png>
Package pdftex.def Info: Figs/defectosZEISS/bg_azul.png  used on input line 337
.
(pdftex.def)             Requested size: 210.9361pt x 244.81235pt.
<Figs/defectosZEISS/bg_azul_mean.png, id=553, 232.87pt x 273.52188pt>
File: Figs/defectosZEISS/bg_azul_mean.png Graphic file (type png)
<use Figs/defectosZEISS/bg_azul_mean.png>
Package pdftex.def Info: Figs/defectosZEISS/bg_azul_mean.png  used on input lin
e 338.
(pdftex.def)             Requested size: 209.58104pt x 246.1674pt.
File: Figs/defectosZEISS/bg_azul_mean.png Graphic file (type png)
<use Figs/defectosZEISS/bg_azul_mean.png>
Package pdftex.def Info: Figs/defectosZEISS/bg_azul_mean.png  used on input lin
e 338.
(pdftex.def)             Requested size: 209.58104pt x 246.1674pt.

Underfull \vbox (badness 10000) has occurred while \output is active []

 [34]

LaTeX Warning: Reference `fig:bgazul' on page 35 undefined on input line 341.


LaTeX Warning: Reference `fig:bgazul' on page 35 undefined on input line 343.


LaTeX Warning: Reference `fig:comparhists' on page 35 undefined on input line 3
45.


LaTeX Warning: Reference `fig:bgazulmean' on page 35 undefined on input line 34
5.

<Figs/defectosZEISS/comparhistsmedi.png, id=563, 375.90437pt x 274.52562pt>
File: Figs/defectosZEISS/comparhistsmedi.png Graphic file (type png)
<use Figs/defectosZEISS/comparhistsmedi.png>
Package pdftex.def Info: Figs/defectosZEISS/comparhistsmedi.png  used on input 
line 348.
(pdftex.def)             Requested size: 375.90344pt x 274.52495pt.
[35 <./Figs/defectosZEISS/bg_azul.png> <./Figs/defectosZEISS/bg_azul_mean.png>]

Underfull \vbox (badness 6125) has occurred while \output is active []

 [36 <./Figs/defectosZEISS/comparhistsmedi.png>]

Package hyperref Warning: Token not allowed in a PDF string (PDFDocEncoding):
(hyperref)                removing `\faGithub' on input line 359.


LaTeX Warning: Reference `fig:bgazul' on page 37 undefined on input line 362.


LaTeX Warning: Reference `fig:correcilumims' on page 37 undefined on input line
 364.


LaTeX Warning: Reference `fig:correcilumims' on page 37 undefined on input line
 364.

<Figs/defectosZEISS/correccionilum/NIR/1.png, id=581, 387.94937pt x 277.035pt>
File: Figs/defectosZEISS/correccionilum/NIR/1.png Graphic file (type png)
<use Figs/defectosZEISS/correccionilum/NIR/1.png>
Package pdftex.def Info: Figs/defectosZEISS/correccionilum/NIR/1.png  used on i
nput line 367.
(pdftex.def)             Requested size: 426.74562pt x 304.73943pt.

Underfull \vbox (badness 10000) has occurred while \output is active []

 [37]

LaTeX Warning: Reference `fig:correcilumims' on page 38 undefined on input line
 372.

[38 <./Figs/defectosZEISS/correccionilum/NIR/1.png>]

LaTeX Warning: Citation `anilfund' on page 39 undefined on input line 388.


LaTeX Warning: Reference `eq:histexpp' on page 39 undefined on input line 388.


LaTeX Warning: Reference `sec:ilumnou' on page 39 undefined on input line 400.


LaTeX Warning: Reference `eq:histexpp' on page 39 undefined on input line 400.


LaTeX Warning: Reference `fig:defecthi' on page 39 undefined on input line 400.


<Figs/defectosZEISS/correccionilum/defectoehist.png, id=593, 352.31625pt x 276.
53313pt>
File: Figs/defectosZEISS/correccionilum/defectoehist.png Graphic file (type png
)
<use Figs/defectosZEISS/correccionilum/defectoehist.png>
Package pdftex.def Info: Figs/defectosZEISS/correccionilum/defectoehist.png  us
ed on input line 405.
(pdftex.def)             Requested size: 352.31538pt x 276.53244pt.
[39]

LaTeX Warning: Reference `eq:histexpp' on page 40 undefined on input line 410.

LaTeX Font Info:    Font shape `U/fontawesomebrands0/solid/n' in size <14.4> no
t available
(Font)              Font shape `U/fontawesomebrands0/regular/n' tried instead o
n input line 415.

Package hyperref Warning: Token not allowed in a PDF string (PDFDocEncoding):
(hyperref)                removing `\faGithub' on input line 415.


Underfull \vbox (badness 10000) has occurred while \output is active []

 [40 <./Figs/defectosZEISS/correccionilum/defectoehist.png>]
<Figs/resultados_defectos/banda_nir.png, id=612, 711.65875pt x 118.4425pt>
File: Figs/resultados_defectos/banda_nir.png Graphic file (type png)
<use Figs/resultados_defectos/banda_nir.png>
Package pdftex.def Info: Figs/resultados_defectos/banda_nir.png  used on input 
line 438.
(pdftex.def)             Requested size: 439.9968pt x 142.26762pt.
<Figs/resultados_defectos/tabla_nir.png, id=613, 688.5725pt x 180.17313pt>
File: Figs/resultados_defectos/tabla_nir.png Graphic file (type png)
<use Figs/resultados_defectos/tabla_nir.png>
Package pdftex.def Info: Figs/resultados_defectos/tabla_nir.png  used on input 
line 446.
(pdftex.def)             Requested size: 440.00194pt x 142.26372pt.
 [41 <./Figs/resultados_defectos/banda_nir.png>]
<Figs/resultados_defectos/banda_roja.png, id=625, 710.655pt x 90.3375pt>
File: Figs/resultados_defectos/banda_roja.png Graphic file (type png)
<use Figs/resultados_defectos/banda_roja.png>
Package pdftex.def Info: Figs/resultados_defectos/banda_roja.png  used on input
 line 458.
(pdftex.def)             Requested size: 440.01598pt x 142.27815pt.
<Figs/resultados_defectos/tabla_roja.png, id=626, 694.09312pt x 181.67876pt>
File: Figs/resultados_defectos/tabla_roja.png Graphic file (type png)
<use Figs/resultados_defectos/tabla_roja.png>
Package pdftex.def Info: Figs/resultados_defectos/tabla_roja.png  used on input
 line 466.
(pdftex.def)             Requested size: 440.01346pt x 142.26605pt.

Underfull \vbox (badness 10000) has occurred while \output is active []

 [42 <./Figs/resultados_defectos/tabla_nir.png> <./Figs/resultados_defectos/ban
da_roja.png> <./Figs/resultados_defectos/tabla_roja.png>]
Underfull \vbox (badness 10000) has occurred while \output is active []

 [43])
[44]
Captulo 4.
[45


]
\openout2 = `caps/microesp.aux'.

 (caps/microesp.tex [46


]
Captulo 5.
[47]
<Figs/microespectrometro/mapespeccam.jpg, id=671, 4143.48pt x 2330.7075pt>
File: Figs/microespectrometro/mapespeccam.jpg Graphic file (type jpg)
<use Figs/microespectrometro/mapespeccam.jpg>
Package pdftex.def Info: Figs/microespectrometro/mapespeccam.jpg  used on input
 line 32.
(pdftex.def)             Requested size: 414.37227pt x 233.0844pt.
<Figs/microespectrometro/b4c.png, id=672, 149.05687pt x 112.42pt>
File: Figs/microespectrometro/b4c.png Graphic file (type png)
<use Figs/microespectrometro/b4c.png>
Package pdftex.def Info: Figs/microespectrometro/b4c.png  used on input line 41
.
(pdftex.def)             Requested size: 74.52824pt x 56.20985pt.
<Figs/microespectrometro/mapspectrometrocamera.png, id=673, 827.09pt x 479.2906
2pt>
File: Figs/microespectrometro/mapspectrometrocamera.png Graphic file (type png)

<use Figs/microespectrometro/mapspectrometrocamera.png>
Package pdftex.def Info: Figs/microespectrometro/mapspectrometrocamera.png  use
d on input line 49.
(pdftex.def)             Requested size: 413.54398pt x 239.64471pt.

Underfull \vbox (badness 10000) has occurred while \output is active []

 [48 <./Figs/microespectrometro/mapespeccam.jpg> <./Figs/microespectrometro/b4c
.png>]
<Figs/microespectrometro/medtransicion.png, id=680, 865.73438pt x 490.83376pt>
File: Figs/microespectrometro/medtransicion.png Graphic file (type png)
<use Figs/microespectrometro/medtransicion.png>
Package pdftex.def Info: Figs/microespectrometro/medtransicion.png  used on inp
ut line 62.
(pdftex.def)             Requested size: 432.86613pt x 245.41628pt.

Underfull \vbox (badness 10000) has occurred while \output is active []

 [49 <./Figs/microespectrometro/mapspectrometrocamera.png>]
<Figs/microespectrometro/cutelog.png, id=686, 963.6pt x 504.38437pt>
File: Figs/microespectrometro/cutelog.png Graphic file (type png)
<use Figs/microespectrometro/cutelog.png>
Package pdftex.def Info: Figs/microespectrometro/cutelog.png  used on input lin
e 72.
(pdftex.def)             Requested size: 481.79883pt x 252.19156pt.

Overfull \hbox (41.79883pt too wide) in paragraph at lines 72--73
 [][] 
 []

<Figs/microespectrometro/fincutelog.png, id=687, 963.6pt x 500.36937pt>
File: Figs/microespectrometro/fincutelog.png Graphic file (type png)
<use Figs/microespectrometro/fincutelog.png>
Package pdftex.def Info: Figs/microespectrometro/fincutelog.png  used on input 
line 80.
(pdftex.def)             Requested size: 481.79883pt x 250.18407pt.

Overfull \hbox (41.79883pt too wide) in paragraph at lines 80--81
 [][] 
 []


Underfull \vbox (badness 10000) has occurred while \output is active []

 [50 <./Figs/microespectrometro/medtransicion.png> <./Figs/microespectrometro/c
utelog.png>]
<Figs/microespectrometro/fit0.png, id=694, 1445.4pt x 612.03656pt>
File: Figs/microespectrometro/fit0.png Graphic file (type png)
<use Figs/microespectrometro/fit0.png>
Package pdftex.def Info: Figs/microespectrometro/fit0.png  used on input line 9
3.
(pdftex.def)             Requested size: 433.62335pt x 183.61238pt.
 [51 <./Figs/microespectrometro/fincutelog.png> <./Figs/microespectrometro/fit0
.png (PNG copy)>]
<Figs/microespectrometro/refinacionparam.png, id=702, 286.57062pt x 329.23pt>
File: Figs/microespectrometro/refinacionparam.png Graphic file (type png)
<use Figs/microespectrometro/refinacionparam.png>
Package pdftex.def Info: Figs/microespectrometro/refinacionparam.png  used on i
nput line 119.
(pdftex.def)             Requested size: 114.6262pt x 131.68965pt.
<Figs/microespectrometro/sm1zcambio.jpg, id=703, 4143.48pt x 2330.7075pt>
File: Figs/microespectrometro/sm1zcambio.jpg Graphic file (type jpg)
<use Figs/microespectrometro/sm1zcambio.jpg>
Package pdftex.def Info: Figs/microespectrometro/sm1zcambio.jpg  used on input 
line 129.
(pdftex.def)             Requested size: 414.37227pt x 233.0844pt.

Underfull \vbox (badness 4291) has occurred while \output is active []

 [52 <./Figs/microespectrometro/refinacionparam.png>] [53 <./Figs/microespectro
metro/sm1zcambio.jpg>]) [54]
Captulo 6.
[55


] [56

]
Captulo 7.
(main.bbl [57] [58

] [59]) [60]
Package atveryend Info: Empty hook `BeforeClearDocument' on input line 236.
Package atveryend Info: Empty hook `AfterLastShipout' on input line 236.
 (main.aux (caps/introd.aux) (caps/cap3.aux)
(caps/microesp.aux))
Package atveryend Info: Executing hook `AtVeryEndDocument' on input line 236.
Package atveryend Info: Executing hook `AtEndAfterFileList' on input line 236.


Package rerunfilecheck Warning: File `main.out' has changed.
(rerunfilecheck)                Rerun to get outlines right
(rerunfilecheck)                or use package `bookmark'.

Package rerunfilecheck Info: Checksums for `main.out':
(rerunfilecheck)             Before: 662EC7442BBD10407245F8F5E2CB5B79;2794
(rerunfilecheck)             After:  4B9EBB02F2F489CE3F766B8074AD6860;3088.

LaTeX Warning: There were undefined references.


LaTeX Warning: There were multiply-defined labels.

 )
(\end occurred inside a group at level 23)

### semi simple group (level 23) entered at line 168 (\begingroup)
### semi simple group (level 22) entered at line 164 (\begingroup)
### semi simple group (level 21) entered at line 19 (\begingroup)
### semi simple group (level 20) entered at line 15 (\begingroup)
### semi simple group (level 19) entered at line 11 (\begingroup)
### semi simple group (level 18) entered at line 3 (\begingroup)
### semi simple group (level 17) entered at line 453 (\begingroup)
### semi simple group (level 16) entered at line 433 (\begingroup)
### semi simple group (level 15) entered at line 426 (\begingroup)
### semi simple group (level 14) entered at line 416 (\begingroup)
### semi simple group (level 13) entered at line 360 (\begingroup)
### semi simple group (level 12) entered at line 332 (\begingroup)
### semi simple group (level 11) entered at line 319 (\begingroup)
### semi simple group (level 10) entered at line 279 (\begingroup)
### semi simple group (level 9) entered at line 260 (\begingroup)
### semi simple group (level 8) entered at line 200 (\begingroup)
### semi simple group (level 7) entered at line 168 (\begingroup)
### semi simple group (level 6) entered at line 143 (\begingroup)
### semi simple group (level 5) entered at line 104 (\begingroup)
### semi simple group (level 4) entered at line 82 (\begingroup)
### semi simple group (level 3) entered at line 33 (\begingroup)
### semi simple group (level 2) entered at line 16 (\begingroup)
### semi simple group (level 1) entered at line 7 (\begingroup)
### bottom level 
Here is how much of TeX's memory you used:
 31742 strings out of 480900
 631967 string characters out of 2898321
 1028931 words of memory out of 3000000
 46475 multiletter control sequences out of 15000+200000
 686208 words of font info for 249 fonts, out of 3000000 for 9000
 1141 hyphenation exceptions out of 8191
 68i,19n,91p,1495b,2831s stack positions out of 5000i,500n,10000p,200000b,50000s
pdfTeX warning (dest): name{equation.3.0.3} has been referenced
 but does not exist, replaced by a fixed one

pdfTeX warning (dest): name{equation.3.0.2} has been referenced but does not ex
ist, replaced by a fixed one

pdfTeX warning (dest): name{equation.3.0.1} has been referenced but does not ex
ist, replaced by a fixed one

pdfTeX warning (dest): name{chapter*.61} has been referenced but does not exist
, replaced by a fixed one

pdfTeX warning (dest): name{section*.60} has been referenced but does not exist
, replaced by a fixed one

pdfTeX warning (dest): name{figure.caption.59} has been referenced but does not
 exist, replaced by a fixed one

pdfTeX warning (dest): name{section*.50} has been referenced but does not exist
, replaced by a fixed one

pdfTeX warning (dest): name{figure.caption.43} has been referenced but does not
 exist, replaced by a fixed one

pdfTeX warning (dest): name{section*.32} has been referenced but does not exist
, replaced by a fixed one

pdfTeX warning (dest): name{section*.21} has been referenced but does not exist
, replaced by a fixed one

pdfTeX warning (dest): name{section*.18} has been referenced but does not exist
, replaced by a fixed one

pdfTeX warning (dest): name{equation.3.0.4} has been referenced but does not ex
ist, replaced by a fixed one

pdfTeX warning (dest): name{section*.11} has been referenced but does not exist
, replaced by a fixed one

{C:/Users/juanr/AppData/Local/Programs/MiKTeX 2.9/fonts/enc/dvips/lm/lm-mathit.
enc}{C:/Users/juanr/AppData/Local/Programs/MiKTeX 2.9/fonts/enc/dvips/lm/lm-mat
hsy.enc}{C:/Users/juanr/AppData/Local/Programs/MiKTeX 2.9/fonts/enc/dvips/lm/lm
-ec.enc}{C:/Users/juanr/AppData/Local/Programs/MiKTeX 2.9/fonts/enc/dvips/lm/lm
-mathex.enc}{C:/Users/juanr/AppData/Local/Programs/MiKTeX 2.9/fonts/enc/dvips/f
ontawesome5/fa5brands0.enc}{C:/Users/juanr/AppData/Local/Programs/MiKTeX 2.9/fo
nts/enc/dvips/lm/lm-rm.enc}<C:/Users/juanr/AppData/Local/Programs/MiKTeX 2.9/fo
nts/type1/public/fontawesome5/FontAwesome5Brands-Regular.pfb><C:/Users/juanr/Ap
pData/Local/Programs/MiKTeX 2.9/fonts/type1/public/lm/lmbx10.pfb><C:/Users/juan
r/AppData/Local/Programs/MiKTeX 2.9/fonts/type1/public/lm/lmbx9.pfb><C:/Users/j
uanr/AppData/Local/Programs/MiKTeX 2.9/fonts/type1/public/lm/lmcsc10.pfb><C:/Us
ers/juanr/AppData/Local/Programs/MiKTeX 2.9/fonts/type1/public/lm/lmex10.pfb><C
:/Users/juanr/AppData/Local/Programs/MiKTeX 2.9/fonts/type1/public/lm/lmmi10.pf
b><C:/Users/juanr/AppData/Local/Programs/MiKTeX 2.9/fonts/type1/public/lm/lmmi6
.pfb><C:/Users/juanr/AppData/Local/Programs/MiKTeX 2.9/fonts/type1/public/lm/lm
mi8.pfb><C:/Users/juanr/AppData/Local/Programs/MiKTeX 2.9/fonts/type1/public/lm
/lmmi9.pfb><C:/Users/juanr/AppData/Local/Programs/MiKTeX 2.9/fonts/type1/public
/lm/lmr10.pfb><C:/Users/juanr/AppData/Local/Programs/MiKTeX 2.9/fonts/type1/pub
lic/lm/lmr12.pfb><C:/Users/juanr/AppData/Local/Programs/MiKTeX 2.9/fonts/type1/
public/lm/lmr6.pfb><C:/Users/juanr/AppData/Local/Programs/MiKTeX 2.9/fonts/type
1/public/lm/lmr8.pfb><C:/Users/juanr/AppData/Local/Programs/MiKTeX 2.9/fonts/ty
pe1/public/lm/lmr9.pfb><C:/Users/juanr/AppData/Local/Programs/MiKTeX 2.9/fonts/
type1/public/lm/lmri10.pfb><C:/Users/juanr/AppData/Local/Programs/MiKTeX 2.9/fo
nts/type1/public/lm/lmri9.pfb><C:/Users/juanr/AppData/Local/Programs/MiKTeX 2.9
/fonts/type1/public/lm/lmro10.pfb><C:/Users/juanr/AppData/Local/Programs/MiKTeX
 2.9/fonts/type1/public/lm/lmssbo10.pfb><C:/Users/juanr/AppData/Local/Programs/
MiKTeX 2.9/fonts/type1/public/lm/lmssbx10.pfb><C:/Users/juanr/AppData/Local/Pro
grams/MiKTeX 2.9/fonts/type1/public/lm/lmsso10.pfb><C:/Users/juanr/AppData/Loca
l/Programs/MiKTeX 2.9/fonts/type1/public/lm/lmsy10.pfb><C:/Users/juanr/AppData/
Local/Programs/MiKTeX 2.9/fonts/type1/public/lm/lmsy6.pfb><C:/Users/juanr/AppDa
ta/Local/Programs/MiKTeX 2.9/fonts/type1/public/lm/lmsy8.pfb><C:/Users/juanr/Ap
pData/Local/Programs/MiKTeX 2.9/fonts/type1/public/lm/lmsy9.pfb><C:/Users/juanr
/AppData/Local/Programs/MiKTeX 2.9/fonts/type1/public/lm/lmtk10.pfb><C:/Users/j
uanr/AppData/Local/Programs/MiKTeX 2.9/fonts/type1/public/lm/lmtt10.pfb>
Output written on main.pdf (68 pages, 18606812 bytes).
PDF statistics:
 883 PDF objects out of 1000 (max. 8388607)
 207 named destinations out of 1000 (max. 500000)
 48136 words of extra memory for PDF output out of 51595 (max. 10000000)

